{"/home/travis/build/npmtest/node-npmtest-airbnb-prop-types/test.js":{"path":"/home/travis/build/npmtest/node-npmtest-airbnb-prop-types/test.js","s":{"1":2,"2":2,"3":2,"4":2,"5":2,"6":2,"7":2,"8":1,"9":2,"10":2,"11":1,"12":1,"13":1,"14":1,"15":2,"16":2,"17":2,"18":2,"19":1,"20":1,"21":2,"22":2,"23":2,"24":1,"25":1,"26":1,"27":1,"28":1,"29":1,"30":1,"31":1,"32":1,"33":1,"34":1,"35":1,"36":1,"37":1,"38":1,"39":2,"40":2,"41":1,"42":2,"43":2,"44":1,"45":2,"46":2,"47":1,"48":2,"49":2,"50":1,"51":1,"52":1,"53":1,"54":1},"b":{"1":[2,1,1,1],"2":[1,1,1,1],"3":[1,1],"4":[1,1],"5":[1,1],"6":[1,1],"7":[1,1],"8":[1,1],"9":[1,1],"10":[1,1,1],"11":[1,1],"12":[1,1],"13":[1,1],"14":[1,1],"15":[1,1],"16":[1,1],"17":[1,1]},"f":{"1":2,"2":2,"3":2,"4":2,"5":2,"6":1,"7":1,"8":1,"9":2,"10":2,"11":2,"12":2,"13":1},"fnMap":{"1":{"name":"(anonymous_1)","line":12,"loc":{"start":{"line":12,"column":1},"end":{"line":12,"column":13}}},"2":{"name":"(anonymous_2)","line":19,"loc":{"start":{"line":19,"column":5},"end":{"line":19,"column":17}}},"3":{"name":"(anonymous_3)","line":23,"loc":{"start":{"line":23,"column":24},"end":{"line":23,"column":36}}},"4":{"name":"(anonymous_4)","line":61,"loc":{"start":{"line":61,"column":5},"end":{"line":61,"column":17}}},"5":{"name":"(anonymous_5)","line":82,"loc":{"start":{"line":82,"column":5},"end":{"line":82,"column":17}}},"6":{"name":"(anonymous_6)","line":91,"loc":{"start":{"line":91,"column":77},"end":{"line":94,"column":10}}},"7":{"name":"(anonymous_7)","line":112,"loc":{"start":{"line":112,"column":83},"end":{"line":115,"column":10}},"skip":true},"8":{"name":"(anonymous_8)","line":123,"loc":{"start":{"line":123,"column":77},"end":{"line":126,"column":10}},"skip":true},"9":{"name":"(anonymous_9)","line":139,"loc":{"start":{"line":139,"column":12},"end":{"line":139,"column":40}},"skip":true},"10":{"name":"(anonymous_10)","line":147,"loc":{"start":{"line":147,"column":77},"end":{"line":150,"column":10}},"skip":true},"11":{"name":"(anonymous_11)","line":158,"loc":{"start":{"line":158,"column":83},"end":{"line":161,"column":10}},"skip":true},"12":{"name":"(anonymous_12)","line":169,"loc":{"start":{"line":169,"column":79},"end":{"line":172,"column":10}},"skip":true},"13":{"name":"(anonymous_13)","line":180,"loc":{"start":{"line":180,"column":75},"end":{"line":183,"column":10}},"skip":true}},"statementMap":{"1":{"start":{"line":12,"column":0},"end":{"line":195,"column":5}},"2":{"start":{"line":14,"column":4},"end":{"line":14,"column":14}},"3":{"start":{"line":19,"column":4},"end":{"line":56,"column":9}},"4":{"start":{"line":21,"column":8},"end":{"line":21,"column":19}},"5":{"start":{"line":23,"column":8},"end":{"line":35,"column":13}},"6":{"start":{"line":24,"column":12},"end":{"line":34,"column":13}},"7":{"start":{"line":25,"column":16},"end":{"line":28,"column":30}},"8":{"start":{"line":30,"column":16},"end":{"line":33,"column":27}},"9":{"start":{"line":37,"column":8},"end":{"line":39,"column":21}},"10":{"start":{"line":40,"column":8},"end":{"line":53,"column":9}},"11":{"start":{"line":43,"column":12},"end":{"line":46,"column":14}},"12":{"start":{"line":47,"column":12},"end":{"line":47,"column":18}},"13":{"start":{"line":50,"column":12},"end":{"line":51,"column":46}},"14":{"start":{"line":52,"column":12},"end":{"line":52,"column":18}},"15":{"start":{"line":55,"column":8},"end":{"line":55,"column":35}},"16":{"start":{"line":61,"column":4},"end":{"line":63,"column":9}},"17":{"start":{"line":62,"column":8},"end":{"line":62,"column":15}},"18":{"start":{"line":64,"column":4},"end":{"line":77,"column":5}},"19":{"start":{"line":70,"column":8},"end":{"line":70,"column":14}},"20":{"start":{"line":76,"column":8},"end":{"line":76,"column":14}},"21":{"start":{"line":82,"column":4},"end":{"line":84,"column":9}},"22":{"start":{"line":83,"column":8},"end":{"line":83,"column":15}},"23":{"start":{"line":85,"column":4},"end":{"line":194,"column":5}},"24":{"start":{"line":91,"column":8},"end":{"line":99,"column":10}},"25":{"start":{"line":98,"column":12},"end":{"line":98,"column":35}},"26":{"start":{"line":102,"column":8},"end":{"line":104,"column":63}},"27":{"start":{"line":105,"column":8},"end":{"line":105,"column":14}},"28":{"start":{"line":112,"column":8},"end":{"line":121,"column":10},"skip":true},"29":{"start":{"line":119,"column":12},"end":{"line":119,"column":55},"skip":true},"30":{"start":{"line":120,"column":12},"end":{"line":120,"column":48},"skip":true},"31":{"start":{"line":123,"column":8},"end":{"line":136,"column":10},"skip":true},"32":{"start":{"line":130,"column":12},"end":{"line":130,"column":76},"skip":true},"33":{"start":{"line":131,"column":12},"end":{"line":131,"column":73},"skip":true},"34":{"start":{"line":132,"column":12},"end":{"line":132,"column":74},"skip":true},"35":{"start":{"line":133,"column":12},"end":{"line":133,"column":79},"skip":true},"36":{"start":{"line":134,"column":12},"end":{"line":134,"column":25},"skip":true},"37":{"start":{"line":135,"column":12},"end":{"line":135,"column":45},"skip":true},"38":{"start":{"line":138,"column":8},"end":{"line":145,"column":14},"skip":true},"39":{"start":{"line":143,"column":16},"end":{"line":143,"column":29},"skip":true},"40":{"start":{"line":144,"column":16},"end":{"line":144,"column":55},"skip":true},"41":{"start":{"line":147,"column":8},"end":{"line":156,"column":10},"skip":true},"42":{"start":{"line":154,"column":12},"end":{"line":154,"column":25},"skip":true},"43":{"start":{"line":155,"column":12},"end":{"line":155,"column":45},"skip":true},"44":{"start":{"line":158,"column":8},"end":{"line":167,"column":10},"skip":true},"45":{"start":{"line":165,"column":12},"end":{"line":165,"column":25},"skip":true},"46":{"start":{"line":166,"column":12},"end":{"line":166,"column":48},"skip":true},"47":{"start":{"line":169,"column":8},"end":{"line":178,"column":10},"skip":true},"48":{"start":{"line":176,"column":12},"end":{"line":176,"column":25},"skip":true},"49":{"start":{"line":177,"column":12},"end":{"line":177,"column":46},"skip":true},"50":{"start":{"line":180,"column":8},"end":{"line":189,"column":10},"skip":true},"51":{"start":{"line":187,"column":12},"end":{"line":187,"column":94},"skip":true},"52":{"start":{"line":188,"column":12},"end":{"line":188,"column":48},"skip":true},"53":{"start":{"line":192,"column":8},"end":{"line":192,"column":35},"skip":true},"54":{"start":{"line":193,"column":8},"end":{"line":193,"column":14},"skip":true}},"branchMap":{"1":{"line":25,"type":"binary-expr","locations":[{"start":{"line":25,"column":23},"end":{"line":25,"column":62}},{"start":{"line":26,"column":20},"end":{"line":26,"column":70}},{"start":{"line":27,"column":20},"end":{"line":27,"column":71}},{"start":{"line":28,"column":20},"end":{"line":28,"column":29}}]},"2":{"line":30,"type":"binary-expr","locations":[{"start":{"line":30,"column":23},"end":{"line":30,"column":37}},{"start":{"line":31,"column":20},"end":{"line":31,"column":61}},{"start":{"line":32,"column":20},"end":{"line":32,"column":70}},{"start":{"line":33,"column":20},"end":{"line":33,"column":26}}]},"3":{"line":37,"type":"cond-expr","locations":[{"start":{"line":38,"column":14},"end":{"line":38,"column":20}},{"start":{"line":39,"column":14},"end":{"line":39,"column":20}}]},"4":{"line":40,"type":"switch","locations":[{"start":{"line":42,"column":8},"end":{"line":47,"column":18}},{"start":{"line":49,"column":8},"end":{"line":52,"column":18}}]},"5":{"line":44,"type":"binary-expr","locations":[{"start":{"line":44,"column":16},"end":{"line":44,"column":44}},{"start":{"line":44,"column":48},"end":{"line":44,"column":66}}]},"6":{"line":50,"type":"binary-expr","locations":[{"start":{"line":50,"column":21},"end":{"line":50,"column":49}},{"start":{"line":50,"column":53},"end":{"line":50,"column":72}}]},"7":{"line":64,"type":"switch","locations":[{"start":{"line":69,"column":4},"end":{"line":70,"column":14}},{"start":{"line":75,"column":4},"end":{"line":76,"column":14}}]},"8":{"line":85,"type":"switch","locations":[{"start":{"line":90,"column":4},"end":{"line":105,"column":14}},{"start":{"line":111,"column":4},"end":{"line":193,"column":14},"skip":true}]},"9":{"line":91,"type":"binary-expr","locations":[{"start":{"line":91,"column":42},"end":{"line":91,"column":73}},{"start":{"line":91,"column":77},"end":{"line":99,"column":9}}]},"10":{"line":102,"type":"binary-expr","locations":[{"start":{"line":102,"column":18},"end":{"line":102,"column":32}},{"start":{"line":103,"column":12},"end":{"line":103,"column":53}},{"start":{"line":104,"column":12},"end":{"line":104,"column":61}}]},"11":{"line":112,"type":"binary-expr","locations":[{"start":{"line":112,"column":45},"end":{"line":112,"column":79},"skip":true},{"start":{"line":112,"column":83},"end":{"line":121,"column":9},"skip":true}]},"12":{"line":123,"type":"binary-expr","locations":[{"start":{"line":123,"column":42},"end":{"line":123,"column":73},"skip":true},{"start":{"line":123,"column":77},"end":{"line":136,"column":9},"skip":true}]},"13":{"line":138,"type":"binary-expr","locations":[{"start":{"line":138,"column":48},"end":{"line":138,"column":85},"skip":true},{"start":{"line":139,"column":12},"end":{"line":145,"column":13},"skip":true}]},"14":{"line":147,"type":"binary-expr","locations":[{"start":{"line":147,"column":42},"end":{"line":147,"column":73},"skip":true},{"start":{"line":147,"column":77},"end":{"line":156,"column":9},"skip":true}]},"15":{"line":158,"type":"binary-expr","locations":[{"start":{"line":158,"column":45},"end":{"line":158,"column":79},"skip":true},{"start":{"line":158,"column":83},"end":{"line":167,"column":9},"skip":true}]},"16":{"line":169,"type":"binary-expr","locations":[{"start":{"line":169,"column":43},"end":{"line":169,"column":75},"skip":true},{"start":{"line":169,"column":79},"end":{"line":178,"column":9},"skip":true}]},"17":{"line":180,"type":"binary-expr","locations":[{"start":{"line":180,"column":41},"end":{"line":180,"column":71},"skip":true},{"start":{"line":180,"column":75},"end":{"line":189,"column":9},"skip":true}]}},"code":["/* istanbul instrument in package npmtest_airbnb_prop_types */","/*jslint","    bitwise: true,","    browser: true,","    maxerr: 8,","    maxlen: 96,","    node: true,","    nomen: true,","    regexp: true,","    stupid: true","*/","(function () {","    'use strict';","    var local;","","","","    // run shared js-env code - pre-init","    (function () {","        // init local","        local = {};","        // init modeJs","        local.modeJs = (function () {","            try {","                return typeof navigator.userAgent === 'string' &&","                    typeof document.querySelector('body') === 'object' &&","                    typeof XMLHttpRequest.prototype.open === 'function' &&","                    'browser';","            } catch (errorCaughtBrowser) {","                return module.exports &&","                    typeof process.versions.node === 'string' &&","                    typeof require('http').createServer === 'function' &&","                    'node';","            }","        }());","        // init global","        local.global = local.modeJs === 'browser'","            ? window","            : global;","        switch (local.modeJs) {","        // re-init local from window.local","        case 'browser':","            local = local.global.utility2.objectSetDefault(","                local.global.utility2_rollup || local.global.local,","                local.global.utility2","            );","            break;","        // re-init local from example.js","        case 'node':","            local = (local.global.utility2_rollup || require('utility2'))","                .requireExampleJsFromReadme();","            break;","        }","        // export local","        local.global.local = local;","    }());","","","","    // run shared js-env code - function","    (function () {","        return;","    }());","    switch (local.modeJs) {","","","","    // run browser js-env code - function","    case 'browser':","        break;","","","","    // run node js-env code - function","    case 'node':","        break;","    }","","","","    // run shared js-env code - post-init","    (function () {","        return;","    }());","    switch (local.modeJs) {","","","","    // run browser js-env code - post-init","    case 'browser':","        local.testCase_browser_nullCase = local.testCase_browser_nullCase || function (","            options,","            onError","        ) {","        /*","         * this function will test browsers's null-case handling-behavior-behavior","         */","            onError(null, options);","        };","","        // run tests","        local.nop(local.modeTest &&","            document.querySelector('#testRunButton1') &&","            document.querySelector('#testRunButton1').click());","        break;","","","","    // run node js-env code - post-init","    /* istanbul ignore next */","    case 'node':","        local.testCase_buildApidoc_default = local.testCase_buildApidoc_default || function (","            options,","            onError","        ) {","        /*","         * this function will test buildApidoc's default handling-behavior-behavior","         */","            options = { modulePathList: module.paths };","            local.buildApidoc(options, onError);","        };","","        local.testCase_buildApp_default = local.testCase_buildApp_default || function (","            options,","            onError","        ) {","        /*","         * this function will test buildApp's default handling-behavior-behavior","         */","            local.testCase_buildReadme_default(options, local.onErrorThrow);","            local.testCase_buildLib_default(options, local.onErrorThrow);","            local.testCase_buildTest_default(options, local.onErrorThrow);","            local.testCase_buildCustomOrg_default(options, local.onErrorThrow);","            options = [];","            local.buildApp(options, onError);","        };","","        local.testCase_buildCustomOrg_default = local.testCase_buildCustomOrg_default ||","            function (options, onError) {","            /*","             * this function will test buildCustomOrg's default handling-behavior","             */","                options = {};","                local.buildCustomOrg(options, onError);","            };","","        local.testCase_buildLib_default = local.testCase_buildLib_default || function (","            options,","            onError","        ) {","        /*","         * this function will test buildLib's default handling-behavior","         */","            options = {};","            local.buildLib(options, onError);","        };","","        local.testCase_buildReadme_default = local.testCase_buildReadme_default || function (","            options,","            onError","        ) {","        /*","         * this function will test buildReadme's default handling-behavior-behavior","         */","            options = {};","            local.buildReadme(options, onError);","        };","","        local.testCase_buildTest_default = local.testCase_buildTest_default || function (","            options,","            onError","        ) {","        /*","         * this function will test buildTest's default handling-behavior","         */","            options = {};","            local.buildTest(options, onError);","        };","","        local.testCase_webpage_default = local.testCase_webpage_default || function (","            options,","            onError","        ) {","        /*","         * this function will test webpage's default handling-behavior","         */","            options = { modeCoverageMerge: true, url: local.serverLocalHost + '?modeTest=1' };","            local.browserTest(options, onError);","        };","","        // run test-server","        local.testRunServer(local);","        break;","    }","}());",""],"l":{"12":2,"14":2,"19":2,"21":2,"23":2,"24":2,"25":2,"30":1,"37":2,"40":2,"43":1,"47":1,"50":1,"52":1,"55":2,"61":2,"62":2,"64":2,"70":1,"76":1,"82":2,"83":2,"85":2,"91":1,"98":1,"102":1,"105":1,"112":1,"119":1,"120":1,"123":1,"130":1,"131":1,"132":1,"133":1,"134":1,"135":1,"138":1,"143":2,"144":2,"147":1,"154":2,"155":2,"158":1,"165":2,"166":2,"169":1,"176":2,"177":2,"180":1,"187":1,"188":1,"192":1,"193":1}},"/home/travis/build/npmtest/node-npmtest-airbnb-prop-types/lib.npmtest_airbnb_prop_types.js":{"path":"/home/travis/build/npmtest/node-npmtest-airbnb-prop-types/lib.npmtest_airbnb_prop_types.js","s":{"1":2,"2":2,"3":2,"4":2,"5":2,"6":2,"7":2,"8":1,"9":2,"10":2,"11":2,"12":2,"13":1,"14":1,"15":1,"16":1},"b":{"1":[2,1,1,1],"2":[1,1,1,1],"3":[1,1],"4":[2,2],"5":[1,1]},"f":{"1":2,"2":2,"3":2},"fnMap":{"1":{"name":"(anonymous_1)","line":12,"loc":{"start":{"line":12,"column":1},"end":{"line":12,"column":13}}},"2":{"name":"(anonymous_2)","line":19,"loc":{"start":{"line":19,"column":5},"end":{"line":19,"column":17}}},"3":{"name":"(anonymous_3)","line":23,"loc":{"start":{"line":23,"column":24},"end":{"line":23,"column":36}}}},"statementMap":{"1":{"start":{"line":12,"column":0},"end":{"line":53,"column":5}},"2":{"start":{"line":14,"column":4},"end":{"line":14,"column":14}},"3":{"start":{"line":19,"column":4},"end":{"line":52,"column":9}},"4":{"start":{"line":21,"column":8},"end":{"line":21,"column":19}},"5":{"start":{"line":23,"column":8},"end":{"line":35,"column":13}},"6":{"start":{"line":24,"column":12},"end":{"line":34,"column":13}},"7":{"start":{"line":25,"column":16},"end":{"line":28,"column":30}},"8":{"start":{"line":30,"column":16},"end":{"line":33,"column":27}},"9":{"start":{"line":37,"column":8},"end":{"line":39,"column":21}},"10":{"start":{"line":41,"column":8},"end":{"line":41,"column":54}},"11":{"start":{"line":43,"column":8},"end":{"line":43,"column":62}},"12":{"start":{"line":45,"column":8},"end":{"line":51,"column":9}},"13":{"start":{"line":46,"column":12},"end":{"line":46,"column":68}},"14":{"start":{"line":48,"column":12},"end":{"line":48,"column":35}},"15":{"start":{"line":49,"column":12},"end":{"line":49,"column":49}},"16":{"start":{"line":50,"column":12},"end":{"line":50,"column":43}}},"branchMap":{"1":{"line":25,"type":"binary-expr","locations":[{"start":{"line":25,"column":23},"end":{"line":25,"column":62}},{"start":{"line":26,"column":20},"end":{"line":26,"column":70}},{"start":{"line":27,"column":20},"end":{"line":27,"column":71}},{"start":{"line":28,"column":20},"end":{"line":28,"column":29}}]},"2":{"line":30,"type":"binary-expr","locations":[{"start":{"line":30,"column":23},"end":{"line":30,"column":37}},{"start":{"line":31,"column":20},"end":{"line":31,"column":61}},{"start":{"line":32,"column":20},"end":{"line":32,"column":70}},{"start":{"line":33,"column":20},"end":{"line":33,"column":26}}]},"3":{"line":37,"type":"cond-expr","locations":[{"start":{"line":38,"column":14},"end":{"line":38,"column":20}},{"start":{"line":39,"column":14},"end":{"line":39,"column":20}}]},"4":{"line":41,"type":"binary-expr","locations":[{"start":{"line":41,"column":16},"end":{"line":41,"column":44}},{"start":{"line":41,"column":48},"end":{"line":41,"column":53}}]},"5":{"line":45,"type":"if","locations":[{"start":{"line":45,"column":8},"end":{"line":45,"column":8}},{"start":{"line":45,"column":8},"end":{"line":45,"column":8}}]}},"code":["/* istanbul instrument in package npmtest_airbnb_prop_types */","/*jslint","    bitwise: true,","    browser: true,","    maxerr: 8,","    maxlen: 96,","    node: true,","    nomen: true,","    regexp: true,","    stupid: true","*/","(function () {","    'use strict';","    var local;","","","","    // run shared js-env code - pre-init","    (function () {","        // init local","        local = {};","        // init modeJs","        local.modeJs = (function () {","            try {","                return typeof navigator.userAgent === 'string' &&","                    typeof document.querySelector('body') === 'object' &&","                    typeof XMLHttpRequest.prototype.open === 'function' &&","                    'browser';","            } catch (errorCaughtBrowser) {","                return module.exports &&","                    typeof process.versions.node === 'string' &&","                    typeof require('http').createServer === 'function' &&","                    'node';","            }","        }());","        // init global","        local.global = local.modeJs === 'browser'","            ? window","            : global;","        // init utility2_rollup","        local = local.global.utility2_rollup || local;","        // init lib","        local.local = local.npmtest_airbnb_prop_types = local;","        // init exports","        if (local.modeJs === 'browser') {","            local.global.utility2_npmtest_airbnb_prop_types = local;","        } else {","            module.exports = local;","            module.exports.__dirname = __dirname;","            module.exports.module = module;","        }","    }());","}());",""],"l":{"12":2,"14":2,"19":2,"21":2,"23":2,"24":2,"25":2,"30":1,"37":2,"41":2,"43":2,"45":2,"46":1,"48":1,"49":1,"50":1}},"/home/travis/build/npmtest/node-npmtest-airbnb-prop-types/example.js":{"path":"/home/travis/build/npmtest/node-npmtest-airbnb-prop-types/example.js","s":{"1":2,"2":2,"3":2,"4":2,"5":2,"6":2,"7":2,"8":1,"9":2,"10":2,"11":2,"12":2,"13":1,"14":2,"15":2,"16":2,"17":2,"18":2,"19":0,"20":2,"21":1,"22":1,"23":1,"24":1,"25":1,"26":0,"27":0,"28":1,"29":1,"30":2,"31":0,"32":0,"33":0,"34":1,"35":2,"36":2,"37":3,"38":3,"39":3,"40":3,"41":0,"42":3,"43":3,"44":3,"45":1,"46":3,"47":1,"48":1,"49":1,"50":1,"51":1,"52":1,"53":1,"54":1,"55":1,"56":1,"57":0,"58":1,"59":6,"60":6,"61":1,"62":2,"63":0,"64":2,"65":1,"66":1,"67":0,"68":0,"69":0,"70":0,"71":0,"72":0,"73":0,"74":0,"75":0,"76":0,"77":0,"78":0,"79":0,"80":0,"81":0,"82":0,"83":0},"b":{"1":[2,1,1,1],"2":[1,1,1,1],"3":[1,1],"4":[2,2],"5":[1,1],"6":[1,1],"7":[2,0],"8":[2,1,1,1,1,1],"9":[0,2,0],"10":[1,1],"11":[2,1,1],"12":[1,0],"13":[0,2],"14":[2,0,0,0,0,0,0],"15":[0,3],"16":[3,0],"17":[1,1],"18":[0,1],"19":[1,2,0,2],"20":[1,0],"21":[1,1],"22":[0,0],"23":[0,0],"24":[0,0],"25":[0,0],"26":[0,0],"27":[0,0],"28":[0,0]},"f":{"1":2,"2":2,"3":2,"4":2,"5":2,"6":2,"7":3,"8":3,"9":3,"10":1,"11":6,"12":0},"fnMap":{"1":{"name":"(anonymous_1)","line":26,"loc":{"start":{"line":26,"column":1},"end":{"line":26,"column":13}}},"2":{"name":"(anonymous_2)","line":33,"loc":{"start":{"line":33,"column":5},"end":{"line":33,"column":17}}},"3":{"name":"(anonymous_3)","line":37,"loc":{"start":{"line":37,"column":24},"end":{"line":37,"column":36}}},"4":{"name":"(anonymous_4)","line":69,"loc":{"start":{"line":69,"column":31},"end":{"line":69,"column":48}},"skip":true},"5":{"name":"(anonymous_5)","line":78,"loc":{"start":{"line":78,"column":26},"end":{"line":78,"column":45}},"skip":true},"6":{"name":"(anonymous_6)","line":123,"loc":{"start":{"line":123,"column":33},"end":{"line":123,"column":48}},"skip":true},"7":{"name":"(anonymous_7)","line":125,"loc":{"start":{"line":125,"column":27},"end":{"line":125,"column":39}},"skip":true},"8":{"name":"(anonymous_8)","line":133,"loc":{"start":{"line":133,"column":59},"end":{"line":133,"column":74}},"skip":true},"9":{"name":"(anonymous_9)","line":143,"loc":{"start":{"line":143,"column":45},"end":{"line":143,"column":62}},"skip":true},"10":{"name":"(anonymous_10)","line":144,"loc":{"start":{"line":144,"column":73},"end":{"line":144,"column":92}},"skip":true},"11":{"name":"(anonymous_11)","line":272,"loc":{"start":{"line":272,"column":51},"end":{"line":272,"column":77}},"skip":true},"12":{"name":"(anonymous_12)","line":315,"loc":{"start":{"line":315,"column":32},"end":{"line":315,"column":61}},"skip":true}},"statementMap":{"1":{"start":{"line":26,"column":0},"end":{"line":326,"column":5}},"2":{"start":{"line":28,"column":4},"end":{"line":28,"column":14}},"3":{"start":{"line":33,"column":4},"end":{"line":60,"column":9}},"4":{"start":{"line":35,"column":8},"end":{"line":35,"column":19}},"5":{"start":{"line":37,"column":8},"end":{"line":49,"column":13}},"6":{"start":{"line":38,"column":12},"end":{"line":48,"column":13}},"7":{"start":{"line":39,"column":16},"end":{"line":42,"column":30}},"8":{"start":{"line":44,"column":16},"end":{"line":47,"column":27}},"9":{"start":{"line":51,"column":8},"end":{"line":53,"column":21}},"10":{"start":{"line":55,"column":8},"end":{"line":57,"column":45}},"11":{"start":{"line":59,"column":8},"end":{"line":59,"column":35}},"12":{"start":{"line":61,"column":4},"end":{"line":325,"column":5}},"13":{"start":{"line":69,"column":8},"end":{"line":121,"column":10},"skip":true},"14":{"start":{"line":70,"column":12},"end":{"line":88,"column":13},"skip":true},"15":{"start":{"line":76,"column":16},"end":{"line":87,"column":19},"skip":true},"16":{"start":{"line":79,"column":20},"end":{"line":86,"column":21},"skip":true},"17":{"start":{"line":82,"column":24},"end":{"line":82,"column":43},"skip":true},"18":{"start":{"line":83,"column":24},"end":{"line":83,"column":30},"skip":true},"19":{"start":{"line":85,"column":24},"end":{"line":85,"column":49},"skip":true},"20":{"start":{"line":89,"column":12},"end":{"line":107,"column":13},"skip":true},"21":{"start":{"line":92,"column":16},"end":{"line":102,"column":17},"skip":true},"22":{"start":{"line":93,"column":20},"end":{"line":93,"column":86},"skip":true},"23":{"start":{"line":94,"column":20},"end":{"line":95,"column":45},"skip":true},"24":{"start":{"line":96,"column":20},"end":{"line":96,"column":42},"skip":true},"25":{"start":{"line":97,"column":20},"end":{"line":97,"column":48},"skip":true},"26":{"start":{"line":100,"column":20},"end":{"line":100,"column":85},"skip":true},"27":{"start":{"line":101,"column":20},"end":{"line":101,"column":96},"skip":true},"28":{"start":{"line":103,"column":16},"end":{"line":103,"column":22},"skip":true},"29":{"start":{"line":106,"column":16},"end":{"line":106,"column":22},"skip":true},"30":{"start":{"line":108,"column":12},"end":{"line":120,"column":13},"skip":true},"31":{"start":{"line":114,"column":16},"end":{"line":119,"column":17},"skip":true},"32":{"start":{"line":116,"column":20},"end":{"line":116,"column":78},"skip":true},"33":{"start":{"line":118,"column":20},"end":{"line":118,"column":47},"skip":true},"34":{"start":{"line":123,"column":8},"end":{"line":141,"column":11},"skip":true},"35":{"start":{"line":124,"column":12},"end":{"line":124,"column":54},"skip":true},"36":{"start":{"line":125,"column":12},"end":{"line":140,"column":14},"skip":true},"37":{"start":{"line":126,"column":16},"end":{"line":126,"column":28},"skip":true},"38":{"start":{"line":127,"column":16},"end":{"line":127,"column":69},"skip":true},"39":{"start":{"line":128,"column":16},"end":{"line":128,"column":75},"skip":true},"40":{"start":{"line":129,"column":16},"end":{"line":131,"column":17},"skip":true},"41":{"start":{"line":130,"column":20},"end":{"line":130,"column":27},"skip":true},"42":{"start":{"line":133,"column":16},"end":{"line":137,"column":36},"skip":true},"43":{"start":{"line":134,"column":20},"end":{"line":136,"column":55},"skip":true},"44":{"start":{"line":139,"column":16},"end":{"line":139,"column":57},"skip":true},"45":{"start":{"line":143,"column":8},"end":{"line":147,"column":11},"skip":true},"46":{"start":{"line":144,"column":12},"end":{"line":146,"column":15},"skip":true},"47":{"start":{"line":145,"column":16},"end":{"line":145,"column":70},"skip":true},"48":{"start":{"line":149,"column":8},"end":{"line":149,"column":31},"skip":true},"49":{"start":{"line":150,"column":8},"end":{"line":150,"column":14},"skip":true},"50":{"start":{"line":158,"column":8},"end":{"line":158,"column":31},"skip":true},"51":{"start":{"line":160,"column":8},"end":{"line":160,"column":33},"skip":true},"52":{"start":{"line":161,"column":8},"end":{"line":161,"column":37},"skip":true},"53":{"start":{"line":162,"column":8},"end":{"line":162,"column":35},"skip":true},"54":{"start":{"line":164,"column":8},"end":{"line":164,"column":50},"skip":true},"55":{"start":{"line":166,"column":8},"end":{"line":256,"column":2},"skip":true},"56":{"start":{"line":258,"column":8},"end":{"line":286,"column":9},"skip":true},"57":{"start":{"line":259,"column":12},"end":{"line":269,"column":14},"skip":true},"58":{"start":{"line":271,"column":12},"end":{"line":285,"column":19},"skip":true},"59":{"start":{"line":274,"column":20},"end":{"line":274,"column":35},"skip":true},"60":{"start":{"line":275,"column":20},"end":{"line":284,"column":21},"skip":true},"61":{"start":{"line":277,"column":24},"end":{"line":277,"column":64},"skip":true},"62":{"start":{"line":279,"column":24},"end":{"line":279,"column":40},"skip":true},"63":{"start":{"line":281,"column":24},"end":{"line":281,"column":40},"skip":true},"64":{"start":{"line":283,"column":24},"end":{"line":283,"column":39},"skip":true},"65":{"start":{"line":288,"column":8},"end":{"line":290,"column":9},"skip":true},"66":{"start":{"line":289,"column":12},"end":{"line":289,"column":18},"skip":true},"67":{"start":{"line":291,"column":8},"end":{"line":293,"column":54},"skip":true},"68":{"start":{"line":296,"column":8},"end":{"line":301,"column":37},"skip":true},"69":{"start":{"line":303,"column":8},"end":{"line":303,"column":82},"skip":true},"70":{"start":{"line":306,"column":8},"end":{"line":308,"column":9},"skip":true},"71":{"start":{"line":307,"column":12},"end":{"line":307,"column":82},"skip":true},"72":{"start":{"line":310,"column":8},"end":{"line":312,"column":9},"skip":true},"73":{"start":{"line":311,"column":12},"end":{"line":311,"column":18},"skip":true},"74":{"start":{"line":313,"column":8},"end":{"line":313,"column":54},"skip":true},"75":{"start":{"line":314,"column":8},"end":{"line":314,"column":69},"skip":true},"76":{"start":{"line":315,"column":8},"end":{"line":323,"column":36},"skip":true},"77":{"start":{"line":316,"column":12},"end":{"line":316,"column":61},"skip":true},"78":{"start":{"line":317,"column":12},"end":{"line":320,"column":13},"skip":true},"79":{"start":{"line":318,"column":16},"end":{"line":318,"column":75},"skip":true},"80":{"start":{"line":319,"column":16},"end":{"line":319,"column":23},"skip":true},"81":{"start":{"line":321,"column":12},"end":{"line":321,"column":38},"skip":true},"82":{"start":{"line":322,"column":12},"end":{"line":322,"column":27},"skip":true},"83":{"start":{"line":324,"column":8},"end":{"line":324,"column":14},"skip":true}},"branchMap":{"1":{"line":39,"type":"binary-expr","locations":[{"start":{"line":39,"column":23},"end":{"line":39,"column":62}},{"start":{"line":40,"column":20},"end":{"line":40,"column":70}},{"start":{"line":41,"column":20},"end":{"line":41,"column":71}},{"start":{"line":42,"column":20},"end":{"line":42,"column":29}}]},"2":{"line":44,"type":"binary-expr","locations":[{"start":{"line":44,"column":23},"end":{"line":44,"column":37}},{"start":{"line":45,"column":20},"end":{"line":45,"column":61}},{"start":{"line":46,"column":20},"end":{"line":46,"column":70}},{"start":{"line":47,"column":20},"end":{"line":47,"column":26}}]},"3":{"line":51,"type":"cond-expr","locations":[{"start":{"line":52,"column":14},"end":{"line":52,"column":20}},{"start":{"line":53,"column":14},"end":{"line":53,"column":20}}]},"4":{"line":55,"type":"binary-expr","locations":[{"start":{"line":55,"column":16},"end":{"line":55,"column":44}},{"start":{"line":55,"column":49},"end":{"line":57,"column":43}}]},"5":{"line":55,"type":"cond-expr","locations":[{"start":{"line":56,"column":14},"end":{"line":56,"column":61}},{"start":{"line":57,"column":14},"end":{"line":57,"column":43}}]},"6":{"line":61,"type":"switch","locations":[{"start":{"line":68,"column":4},"end":{"line":150,"column":14},"skip":true},{"start":{"line":156,"column":4},"end":{"line":324,"column":14},"skip":true}]},"7":{"line":70,"type":"if","locations":[{"start":{"line":70,"column":12},"end":{"line":70,"column":12},"skip":true},{"start":{"line":70,"column":12},"end":{"line":70,"column":12},"skip":true}]},"8":{"line":70,"type":"binary-expr","locations":[{"start":{"line":70,"column":16},"end":{"line":70,"column":22},"skip":true},{"start":{"line":70,"column":27},"end":{"line":70,"column":32},"skip":true},{"start":{"line":71,"column":20},"end":{"line":71,"column":39},"skip":true},{"start":{"line":72,"column":20},"end":{"line":72,"column":49},"skip":true},{"start":{"line":73,"column":20},"end":{"line":73,"column":58},"skip":true},{"start":{"line":74,"column":20},"end":{"line":74,"column":69},"skip":true}]},"9":{"line":79,"type":"switch","locations":[{"start":{"line":80,"column":20},"end":{"line":80,"column":33},"skip":true},{"start":{"line":81,"column":20},"end":{"line":83,"column":30},"skip":true},{"start":{"line":84,"column":20},"end":{"line":85,"column":49},"skip":true}]},"10":{"line":89,"type":"switch","locations":[{"start":{"line":90,"column":12},"end":{"line":103,"column":22},"skip":true},{"start":{"line":105,"column":12},"end":{"line":106,"column":22},"skip":true}]},"11":{"line":89,"type":"binary-expr","locations":[{"start":{"line":89,"column":20},"end":{"line":89,"column":25},"skip":true},{"start":{"line":89,"column":29},"end":{"line":89,"column":48},"skip":true},{"start":{"line":89,"column":52},"end":{"line":89,"column":74},"skip":true}]},"12":{"line":92,"type":"if","locations":[{"start":{"line":92,"column":16},"end":{"line":92,"column":16},"skip":true},{"start":{"line":92,"column":16},"end":{"line":92,"column":16},"skip":true}]},"13":{"line":108,"type":"if","locations":[{"start":{"line":108,"column":12},"end":{"line":108,"column":12},"skip":true},{"start":{"line":108,"column":12},"end":{"line":108,"column":12},"skip":true}]},"14":{"line":108,"type":"binary-expr","locations":[{"start":{"line":108,"column":16},"end":{"line":108,"column":61},"skip":true},{"start":{"line":108,"column":66},"end":{"line":108,"column":72},"skip":true},{"start":{"line":108,"column":77},"end":{"line":108,"column":82},"skip":true},{"start":{"line":109,"column":20},"end":{"line":109,"column":39},"skip":true},{"start":{"line":110,"column":20},"end":{"line":110,"column":49},"skip":true},{"start":{"line":111,"column":20},"end":{"line":111,"column":58},"skip":true},{"start":{"line":112,"column":20},"end":{"line":112,"column":68},"skip":true}]},"15":{"line":129,"type":"if","locations":[{"start":{"line":129,"column":16},"end":{"line":129,"column":16},"skip":true},{"start":{"line":129,"column":16},"end":{"line":129,"column":16},"skip":true}]},"16":{"line":134,"type":"cond-expr","locations":[{"start":{"line":135,"column":26},"end":{"line":135,"column":29},"skip":true},{"start":{"line":136,"column":26},"end":{"line":136,"column":54},"skip":true}]},"17":{"line":164,"type":"binary-expr","locations":[{"start":{"line":164,"column":27},"end":{"line":164,"column":43},"skip":true},{"start":{"line":164,"column":47},"end":{"line":164,"column":49},"skip":true}]},"18":{"line":258,"type":"if","locations":[{"start":{"line":258,"column":8},"end":{"line":258,"column":8},"skip":true},{"start":{"line":258,"column":8},"end":{"line":258,"column":8},"skip":true}]},"19":{"line":275,"type":"switch","locations":[{"start":{"line":276,"column":20},"end":{"line":277,"column":64},"skip":true},{"start":{"line":278,"column":20},"end":{"line":279,"column":40},"skip":true},{"start":{"line":280,"column":20},"end":{"line":281,"column":40},"skip":true},{"start":{"line":282,"column":20},"end":{"line":283,"column":39},"skip":true}]},"20":{"line":288,"type":"if","locations":[{"start":{"line":288,"column":8},"end":{"line":288,"column":8},"skip":true},{"start":{"line":288,"column":8},"end":{"line":288,"column":8},"skip":true}]},"21":{"line":288,"type":"binary-expr","locations":[{"start":{"line":288,"column":12},"end":{"line":288,"column":40},"skip":true},{"start":{"line":288,"column":44},"end":{"line":288,"column":67},"skip":true}]},"22":{"line":292,"type":"binary-expr","locations":[{"start":{"line":292,"column":12},"end":{"line":292,"column":50},"skip":true},{"start":{"line":293,"column":12},"end":{"line":293,"column":53},"skip":true}]},"23":{"line":297,"type":"binary-expr","locations":[{"start":{"line":297,"column":12},"end":{"line":297,"column":75},"skip":true},{"start":{"line":298,"column":12},"end":{"line":301,"column":36},"skip":true}]},"24":{"line":303,"type":"binary-expr","locations":[{"start":{"line":303,"column":43},"end":{"line":303,"column":75},"skip":true},{"start":{"line":303,"column":79},"end":{"line":303,"column":81},"skip":true}]},"25":{"line":306,"type":"if","locations":[{"start":{"line":306,"column":8},"end":{"line":306,"column":8},"skip":true},{"start":{"line":306,"column":8},"end":{"line":306,"column":8},"skip":true}]},"26":{"line":310,"type":"if","locations":[{"start":{"line":310,"column":8},"end":{"line":310,"column":8},"skip":true},{"start":{"line":310,"column":8},"end":{"line":310,"column":8},"skip":true}]},"27":{"line":313,"type":"binary-expr","locations":[{"start":{"line":313,"column":27},"end":{"line":313,"column":43},"skip":true},{"start":{"line":313,"column":47},"end":{"line":313,"column":53},"skip":true}]},"28":{"line":317,"type":"if","locations":[{"start":{"line":317,"column":12},"end":{"line":317,"column":12},"skip":true},{"start":{"line":317,"column":12},"end":{"line":317,"column":12},"skip":true}]}},"code":["/*","example.js","","quickstart example","","instruction","    1. save this script as example.js","    2. run the shell command:","        $ npm install npmtest-airbnb-prop-types && PORT=8081 node example.js","    3. play with the browser-demo on http://127.0.0.1:8081","*/","","","","/* istanbul instrument in package npmtest_airbnb_prop_types */","/*jslint","    bitwise: true,","    browser: true,","    maxerr: 8,","    maxlen: 96,","    node: true,","    nomen: true,","    regexp: true,","    stupid: true","*/","(function () {","    'use strict';","    var local;","","","","    // run shared js-env code - pre-init","    (function () {","        // init local","        local = {};","        // init modeJs","        local.modeJs = (function () {","            try {","                return typeof navigator.userAgent === 'string' &&","                    typeof document.querySelector('body') === 'object' &&","                    typeof XMLHttpRequest.prototype.open === 'function' &&","                    'browser';","            } catch (errorCaughtBrowser) {","                return module.exports &&","                    typeof process.versions.node === 'string' &&","                    typeof require('http').createServer === 'function' &&","                    'node';","            }","        }());","        // init global","        local.global = local.modeJs === 'browser'","            ? window","            : global;","        // init utility2_rollup","        local = local.global.utility2_rollup || (local.modeJs === 'browser'","            ? local.global.utility2_npmtest_airbnb_prop_types","            : global.utility2_moduleExports);","        // export local","        local.global.local = local;","    }());","    switch (local.modeJs) {","","","","    // post-init","    // run browser js-env code - post-init","    /* istanbul ignore next */","    case 'browser':","        local.testRunBrowser = function (event) {","            if (!event || (event &&","                    event.currentTarget &&","                    event.currentTarget.className &&","                    event.currentTarget.className.includes &&","                    event.currentTarget.className.includes('onreset'))) {","                // reset output","                Array.from(","                    document.querySelectorAll('body > .resettable')","                ).forEach(function (element) {","                    switch (element.tagName) {","                    case 'INPUT':","                    case 'TEXTAREA':","                        element.value = '';","                        break;","                    default:","                        element.textContent = '';","                    }","                });","            }","            switch (event && event.currentTarget && event.currentTarget.id) {","            case 'testRunButton1':","                // show tests","                if (document.querySelector('#testReportDiv1').style.display === 'none') {","                    document.querySelector('#testReportDiv1').style.display = 'block';","                    document.querySelector('#testRunButton1').textContent =","                        'hide internal test';","                    local.modeTest = true;","                    local.testRunDefault(local);","                // hide tests","                } else {","                    document.querySelector('#testReportDiv1').style.display = 'none';","                    document.querySelector('#testRunButton1').textContent = 'run internal test';","                }","                break;","            // custom-case","            default:","                break;","            }","            if (document.querySelector('#inputTextareaEval1') && (!event || (event &&","                    event.currentTarget &&","                    event.currentTarget.className &&","                    event.currentTarget.className.includes &&","                    event.currentTarget.className.includes('oneval')))) {","                // try to eval input-code","                try {","                    /*jslint evil: true*/","                    eval(document.querySelector('#inputTextareaEval1').value);","                } catch (errorCaught) {","                    console.error(errorCaught);","                }","            }","        };","        // log stderr and stdout to #outputTextareaStdout1","        ['error', 'log'].forEach(function (key) {","            console[key + '_original'] = console[key];","            console[key] = function () {","                var element;","                console[key + '_original'].apply(console, arguments);","                element = document.querySelector('#outputTextareaStdout1');","                if (!element) {","                    return;","                }","                // append text to #outputTextareaStdout1","                element.value += Array.from(arguments).map(function (arg) {","                    return typeof arg === 'string'","                        ? arg","                        : JSON.stringify(arg, null, 4);","                }).join(' ') + '\\n';","                // scroll textarea to bottom","                element.scrollTop = element.scrollHeight;","            };","        });","        // init event-handling","        ['change', 'click', 'keyup'].forEach(function (event) {","            Array.from(document.querySelectorAll('.on' + event)).forEach(function (element) {","                element.addEventListener(event, local.testRunBrowser);","            });","        });","        // run tests","        local.testRunBrowser();","        break;","","","","    // run node js-env code - post-init","    /* istanbul ignore next */","    case 'node':","        // export local","        module.exports = local;","        // require modules","        local.fs = require('fs');","        local.http = require('http');","        local.url = require('url');","        // init assets","        local.assetsDict = local.assetsDict || {};","        /* jslint-ignore-begin */","        local.assetsDict['/assets.index.template.html'] = '\\","<!doctype html>\\n\\","<html lang=\"en\">\\n\\","<head>\\n\\","<meta charset=\"UTF-8\">\\n\\","<meta name=\"viewport\" content=\"width=device-width, initial-scale=1\">\\n\\","<title>{{env.npm_package_name}} (v{{env.npm_package_version}})</title>\\n\\","<style>\\n\\","/*csslint\\n\\","    box-sizing: false,\\n\\","    universal-selector: false\\n\\","*/\\n\\","* {\\n\\","    box-sizing: border-box;\\n\\","}\\n\\","body {\\n\\","    background: #dde;\\n\\","    font-family: Arial, Helvetica, sans-serif;\\n\\","    margin: 2rem;\\n\\","}\\n\\","body > * {\\n\\","    margin-bottom: 1rem;\\n\\","}\\n\\",".utility2FooterDiv {\\n\\","    margin-top: 20px;\\n\\","    text-align: center;\\n\\","}\\n\\","</style>\\n\\","<style>\\n\\","/*csslint\\n\\","*/\\n\\","textarea {\\n\\","    font-family: monospace;\\n\\","    height: 10rem;\\n\\","    width: 100%;\\n\\","}\\n\\","textarea[readonly] {\\n\\","    background: #ddd;\\n\\","}\\n\\","</style>\\n\\","</head>\\n\\","<body>\\n\\","<!-- utility2-comment\\n\\","<div id=\"ajaxProgressDiv1\" style=\"background: #d00; height: 2px; left: 0; margin: 0; padding: 0; position: fixed; top: 0; transition: background 0.5s, width 1.5s; width: 25%;\"></div>\\n\\","utility2-comment -->\\n\\","<h1>\\n\\","<!-- utility2-comment\\n\\","    <a\\n\\","        {{#if env.npm_package_homepage}}\\n\\","        href=\"{{env.npm_package_homepage}}\"\\n\\","        {{/if env.npm_package_homepage}}\\n\\","        target=\"_blank\"\\n\\","    >\\n\\","utility2-comment -->\\n\\","        {{env.npm_package_name}} (v{{env.npm_package_version}})\\n\\","<!-- utility2-comment\\n\\","    </a>\\n\\","utility2-comment -->\\n\\","</h1>\\n\\","<h3>{{env.npm_package_description}}</h3>\\n\\","<!-- utility2-comment\\n\\","<h4><a download href=\"assets.app.js\">download standalone app</a></h4>\\n\\","<button class=\"onclick onreset\" id=\"testRunButton1\">run internal test</button><br>\\n\\","<div id=\"testReportDiv1\" style=\"display: none;\"></div>\\n\\","utility2-comment -->\\n\\","\\n\\","\\n\\","\\n\\","<label>stderr and stdout</label>\\n\\","<textarea class=\"resettable\" id=\"outputTextareaStdout1\" readonly></textarea>\\n\\","<!-- utility2-comment\\n\\","{{#if isRollup}}\\n\\","<script src=\"assets.app.js\"></script>\\n\\","{{#unless isRollup}}\\n\\","utility2-comment -->\\n\\","<script src=\"assets.utility2.rollup.js\"></script>\\n\\","<script src=\"jsonp.utility2._stateInit?callback=window.utility2._stateInit\"></script>\\n\\","<script src=\"assets.npmtest_airbnb_prop_types.rollup.js\"></script>\\n\\","<script src=\"assets.example.js\"></script>\\n\\","<script src=\"assets.test.js\"></script>\\n\\","<!-- utility2-comment\\n\\","{{/if isRollup}}\\n\\","utility2-comment -->\\n\\","<div class=\"utility2FooterDiv\">\\n\\","    [ this app was created with\\n\\","    <a href=\"https://github.com/kaizhu256/node-utility2\" target=\"_blank\">utility2</a>\\n\\","    ]\\n\\","</div>\\n\\","</body>\\n\\","</html>\\n\\","';","        /* jslint-ignore-end */","        if (local.templateRender) {","            local.assetsDict['/'] = local.templateRender(","                local.assetsDict['/assets.index.template.html'],","                {","                    env: local.objectSetDefault(local.env, {","                        npm_package_description: 'the greatest app in the world!',","                        npm_package_name: 'my-app',","                        npm_package_nameAlias: 'my_app',","                        npm_package_version: '0.0.1'","                    })","                }","            );","        } else {","            local.assetsDict['/'] = local.assetsDict['/assets.index.template.html']","                .replace((/\\{\\{env\\.(\\w+?)\\}\\}/g), function (match0, match1) {","                    // jslint-hack","                    String(match0);","                    switch (match1) {","                    case 'npm_package_description':","                        return 'the greatest app in the world!';","                    case 'npm_package_name':","                        return 'my-app';","                    case 'npm_package_nameAlias':","                        return 'my_app';","                    case 'npm_package_version':","                        return '0.0.1';","                    }","                });","        }","        // run the cli","        if (local.global.utility2_rollup || module !== require.main) {","            break;","        }","        local.assetsDict['/assets.example.js'] =","            local.assetsDict['/assets.example.js'] ||","            local.fs.readFileSync(__filename, 'utf8');","        // bug-workaround - long $npm_package_buildCustomOrg","        /* jslint-ignore-begin */","        local.assetsDict['/assets.npmtest_airbnb_prop_types.rollup.js'] =","            local.assetsDict['/assets.npmtest_airbnb_prop_types.rollup.js'] ||","            local.fs.readFileSync(","                local.npmtest_airbnb_prop_types.__dirname + '/lib.npmtest_airbnb_prop_types.js',","                'utf8'","            ).replace((/^#!/), '//');","        /* jslint-ignore-end */","        local.assetsDict['/favicon.ico'] = local.assetsDict['/favicon.ico'] || '';","        // if $npm_config_timeout_exit exists,","        // then exit this process after $npm_config_timeout_exit ms","        if (Number(process.env.npm_config_timeout_exit)) {","            setTimeout(process.exit, Number(process.env.npm_config_timeout_exit));","        }","        // start server","        if (local.global.utility2_serverHttp1) {","            break;","        }","        process.env.PORT = process.env.PORT || '8081';","        console.error('server starting on port ' + process.env.PORT);","        local.http.createServer(function (request, response) {","            request.urlParsed = local.url.parse(request.url);","            if (local.assetsDict[request.urlParsed.pathname] !== undefined) {","                response.end(local.assetsDict[request.urlParsed.pathname]);","                return;","            }","            response.statusCode = 404;","            response.end();","        }).listen(process.env.PORT);","        break;","    }","}());",""],"l":{"26":2,"28":2,"33":2,"35":2,"37":2,"38":2,"39":2,"44":1,"51":2,"55":2,"59":2,"61":2,"69":1,"70":2,"76":2,"79":2,"82":2,"83":2,"85":1,"89":2,"92":1,"93":1,"94":1,"96":1,"97":1,"100":1,"101":1,"103":1,"106":1,"108":2,"114":1,"116":1,"118":1,"123":1,"124":2,"125":2,"126":3,"127":3,"128":3,"129":3,"130":1,"133":3,"134":3,"139":3,"143":1,"144":3,"145":1,"149":1,"150":1,"158":1,"160":1,"161":1,"162":1,"164":1,"166":1,"258":1,"259":1,"271":1,"274":6,"275":6,"277":1,"279":2,"281":1,"283":2,"288":1,"289":1,"291":1,"296":1,"303":1,"306":1,"307":1,"310":1,"311":1,"313":1,"314":1,"315":1,"316":1,"317":1,"318":1,"319":1,"321":1,"322":1,"324":1}},"/home/travis/build/npmtest/node-npmtest-airbnb-prop-types/node_modules/airbnb-prop-types/index.js":{"path":"/home/travis/build/npmtest/node-npmtest-airbnb-prop-types/node_modules/airbnb-prop-types/index.js","s":{"1":1},"b":{"1":[0,1]},"f":{},"fnMap":{},"statementMap":{"1":{"start":{"line":1,"column":0},"end":{"line":1,"column":103}}},"branchMap":{"1":{"line":1,"type":"cond-expr","locations":[{"start":{"line":1,"column":57},"end":{"line":1,"column":81}},{"start":{"line":1,"column":84},"end":{"line":1,"column":102}}]}},"code":["module.exports = process.env.NODE_ENV === 'production' ? require('./build/mocks') : require('./build');","","//# sourceMappingURL=index.js.map"],"l":{"1":1}},"/home/travis/build/npmtest/node-npmtest-airbnb-prop-types/node_modules/airbnb-prop-types/build/index.js":{"path":"/home/travis/build/npmtest/node-npmtest-airbnb-prop-types/node_modules/airbnb-prop-types/build/index.js","s":{"1":1,"2":1,"3":1,"4":1,"5":1,"6":1,"7":1,"8":1,"9":1,"10":1,"11":1,"12":1,"13":1,"14":1,"15":1,"16":1,"17":1,"18":1,"19":1,"20":1,"21":1,"22":1,"23":1,"24":1,"25":1,"26":1,"27":1,"28":1,"29":1,"30":1,"31":1,"32":1,"33":1,"34":1,"35":1,"36":1,"37":1,"38":1,"39":1,"40":1,"41":1,"42":1,"43":1,"44":1,"45":1,"46":1,"47":1,"48":1,"49":1,"50":1,"51":1,"52":1,"53":1,"54":1,"55":1,"56":1,"57":1,"58":28,"59":1},"b":{"1":[28,0],"2":[28,28]},"f":{"1":28},"fnMap":{"1":{"name":"_interopRequireDefault","line":113,"loc":{"start":{"line":113,"column":0},"end":{"line":113,"column":37}}}},"statementMap":{"1":{"start":{"line":1,"column":0},"end":{"line":1,"column":28}},"2":{"start":{"line":3,"column":0},"end":{"line":3,"column":41}},"3":{"start":{"line":5,"column":0},"end":{"line":5,"column":36}},"4":{"start":{"line":7,"column":0},"end":{"line":7,"column":49}},"5":{"start":{"line":9,"column":0},"end":{"line":9,"column":76}},"6":{"start":{"line":11,"column":0},"end":{"line":11,"column":89}},"7":{"start":{"line":13,"column":0},"end":{"line":13,"column":42}},"8":{"start":{"line":15,"column":0},"end":{"line":15,"column":55}},"9":{"start":{"line":17,"column":0},"end":{"line":17,"column":50}},"10":{"start":{"line":19,"column":0},"end":{"line":19,"column":63}},"11":{"start":{"line":21,"column":0},"end":{"line":21,"column":58}},"12":{"start":{"line":23,"column":0},"end":{"line":23,"column":71}},"13":{"start":{"line":25,"column":0},"end":{"line":25,"column":56}},"14":{"start":{"line":27,"column":0},"end":{"line":27,"column":69}},"15":{"start":{"line":29,"column":0},"end":{"line":29,"column":44}},"16":{"start":{"line":31,"column":0},"end":{"line":31,"column":57}},"17":{"start":{"line":33,"column":0},"end":{"line":33,"column":46}},"18":{"start":{"line":35,"column":0},"end":{"line":35,"column":59}},"19":{"start":{"line":37,"column":0},"end":{"line":37,"column":54}},"20":{"start":{"line":39,"column":0},"end":{"line":39,"column":67}},"21":{"start":{"line":41,"column":0},"end":{"line":41,"column":36}},"22":{"start":{"line":43,"column":0},"end":{"line":43,"column":49}},"23":{"start":{"line":45,"column":0},"end":{"line":45,"column":34}},"24":{"start":{"line":47,"column":0},"end":{"line":47,"column":47}},"25":{"start":{"line":49,"column":0},"end":{"line":49,"column":66}},"26":{"start":{"line":51,"column":0},"end":{"line":51,"column":79}},"27":{"start":{"line":53,"column":0},"end":{"line":53,"column":74}},"28":{"start":{"line":55,"column":0},"end":{"line":55,"column":87}},"29":{"start":{"line":57,"column":0},"end":{"line":57,"column":40}},"30":{"start":{"line":59,"column":0},"end":{"line":59,"column":53}},"31":{"start":{"line":61,"column":0},"end":{"line":61,"column":58}},"32":{"start":{"line":63,"column":0},"end":{"line":63,"column":71}},"33":{"start":{"line":65,"column":0},"end":{"line":65,"column":56}},"34":{"start":{"line":67,"column":0},"end":{"line":67,"column":69}},"35":{"start":{"line":69,"column":0},"end":{"line":69,"column":48}},"36":{"start":{"line":71,"column":0},"end":{"line":71,"column":61}},"37":{"start":{"line":73,"column":0},"end":{"line":73,"column":34}},"38":{"start":{"line":75,"column":0},"end":{"line":75,"column":47}},"39":{"start":{"line":77,"column":0},"end":{"line":77,"column":26}},"40":{"start":{"line":79,"column":0},"end":{"line":79,"column":39}},"41":{"start":{"line":81,"column":0},"end":{"line":81,"column":32}},"42":{"start":{"line":83,"column":0},"end":{"line":83,"column":45}},"43":{"start":{"line":85,"column":0},"end":{"line":85,"column":50}},"44":{"start":{"line":87,"column":0},"end":{"line":87,"column":63}},"45":{"start":{"line":89,"column":0},"end":{"line":89,"column":42}},"46":{"start":{"line":91,"column":0},"end":{"line":91,"column":55}},"47":{"start":{"line":93,"column":0},"end":{"line":93,"column":32}},"48":{"start":{"line":95,"column":0},"end":{"line":95,"column":45}},"49":{"start":{"line":97,"column":0},"end":{"line":97,"column":44}},"50":{"start":{"line":99,"column":0},"end":{"line":99,"column":57}},"51":{"start":{"line":101,"column":0},"end":{"line":101,"column":48}},"52":{"start":{"line":103,"column":0},"end":{"line":103,"column":61}},"53":{"start":{"line":105,"column":0},"end":{"line":105,"column":38}},"54":{"start":{"line":107,"column":0},"end":{"line":107,"column":51}},"55":{"start":{"line":109,"column":0},"end":{"line":109,"column":40}},"56":{"start":{"line":111,"column":0},"end":{"line":111,"column":53}},"57":{"start":{"line":113,"column":0},"end":{"line":113,"column":97}},"58":{"start":{"line":113,"column":39},"end":{"line":113,"column":95}},"59":{"start":{"line":115,"column":0},"end":{"line":144,"column":2}}},"branchMap":{"1":{"line":113,"type":"cond-expr","locations":[{"start":{"line":113,"column":70},"end":{"line":113,"column":73}},{"start":{"line":113,"column":76},"end":{"line":113,"column":94}}]},"2":{"line":113,"type":"binary-expr","locations":[{"start":{"line":113,"column":46},"end":{"line":113,"column":49}},{"start":{"line":113,"column":53},"end":{"line":113,"column":67}}]}},"code":["var _and = require('./and');","","var _and2 = _interopRequireDefault(_and);","","var _between = require('./between');","","var _between2 = _interopRequireDefault(_between);","","var _childrenHavePropXorChildren = require('./childrenHavePropXorChildren');","","var _childrenHavePropXorChildren2 = _interopRequireDefault(_childrenHavePropXorChildren);","","var _childrenOf = require('./childrenOf');","","var _childrenOf2 = _interopRequireDefault(_childrenOf);","","var _childrenOfType = require('./childrenOfType');","","var _childrenOfType2 = _interopRequireDefault(_childrenOfType);","","var _childrenSequenceOf = require('./childrenSequenceOf');","","var _childrenSequenceOf2 = _interopRequireDefault(_childrenSequenceOf);","","var _componentWithName = require('./componentWithName');","","var _componentWithName2 = _interopRequireDefault(_componentWithName);","","var _elementType = require('./elementType');","","var _elementType2 = _interopRequireDefault(_elementType);","","var _explicitNull = require('./explicitNull');","","var _explicitNull2 = _interopRequireDefault(_explicitNull);","","var _forbidExtraProps = require('./forbidExtraProps');","","var _forbidExtraProps2 = _interopRequireDefault(_forbidExtraProps);","","var _integer = require('./integer');","","var _integer2 = _interopRequireDefault(_integer);","","var _keysOf = require('./keysOf');","","var _keysOf2 = _interopRequireDefault(_keysOf);","","var _mutuallyExclusiveProps = require('./mutuallyExclusiveProps');","","var _mutuallyExclusiveProps2 = _interopRequireDefault(_mutuallyExclusiveProps);","","var _mutuallyExclusiveTrueProps = require('./mutuallyExclusiveTrueProps');","","var _mutuallyExclusiveTrueProps2 = _interopRequireDefault(_mutuallyExclusiveTrueProps);","","var _nChildren = require('./nChildren');","","var _nChildren2 = _interopRequireDefault(_nChildren);","","var _nonNegativeInteger = require('./nonNegativeInteger');","","var _nonNegativeInteger2 = _interopRequireDefault(_nonNegativeInteger);","","var _nonNegativeNumber = require('./nonNegativeNumber');","","var _nonNegativeNumber2 = _interopRequireDefault(_nonNegativeNumber);","","var _numericString = require('./numericString');","","var _numericString2 = _interopRequireDefault(_numericString);","","var _object = require('./object');","","var _object2 = _interopRequireDefault(_object);","","var _or = require('./or');","","var _or2 = _interopRequireDefault(_or);","","var _range = require('./range');","","var _range2 = _interopRequireDefault(_range);","","var _restrictedProp = require('./restrictedProp');","","var _restrictedProp2 = _interopRequireDefault(_restrictedProp);","","var _sequenceOf = require('./sequenceOf');","","var _sequenceOf2 = _interopRequireDefault(_sequenceOf);","","var _shape = require('./shape');","","var _shape2 = _interopRequireDefault(_shape);","","var _uniqueArray = require('./uniqueArray');","","var _uniqueArray2 = _interopRequireDefault(_uniqueArray);","","var _uniqueArrayOf = require('./uniqueArrayOf');","","var _uniqueArrayOf2 = _interopRequireDefault(_uniqueArrayOf);","","var _valuesOf = require('./valuesOf');","","var _valuesOf2 = _interopRequireDefault(_valuesOf);","","var _withShape = require('./withShape');","","var _withShape2 = _interopRequireDefault(_withShape);","","function _interopRequireDefault(obj) { return obj && obj.__esModule ? obj : { 'default': obj }; }","","module.exports = {","  and: _and2['default'],","  between: _between2['default'],","  childrenHavePropXorChildren: _childrenHavePropXorChildren2['default'],","  childrenOf: _childrenOf2['default'],","  childrenOfType: _childrenOfType2['default'],","  childrenSequenceOf: _childrenSequenceOf2['default'],","  componentWithName: _componentWithName2['default'],","  elementType: _elementType2['default'],","  explicitNull: _explicitNull2['default'],","  forbidExtraProps: _forbidExtraProps2['default'],","  integer: _integer2['default'],","  keysOf: _keysOf2['default'],","  mutuallyExclusiveProps: _mutuallyExclusiveProps2['default'],","  mutuallyExclusiveTrueProps: _mutuallyExclusiveTrueProps2['default'],","  nChildren: _nChildren2['default'],","  nonNegativeInteger: _nonNegativeInteger2['default'],","  nonNegativeNumber: _nonNegativeNumber2['default'],","  numericString: _numericString2['default'],","  object: _object2['default'],","  or: _or2['default'],","  range: _range2['default'],","  restrictedProp: _restrictedProp2['default'],","  sequenceOf: _sequenceOf2['default'],","  shape: _shape2['default'],","  uniqueArray: _uniqueArray2['default'],","  uniqueArrayOf: _uniqueArrayOf2['default'],","  valuesOf: _valuesOf2['default'],","  withShape: _withShape2['default']","};","//# sourceMappingURL=index.js.map"],"l":{"1":1,"3":1,"5":1,"7":1,"9":1,"11":1,"13":1,"15":1,"17":1,"19":1,"21":1,"23":1,"25":1,"27":1,"29":1,"31":1,"33":1,"35":1,"37":1,"39":1,"41":1,"43":1,"45":1,"47":1,"49":1,"51":1,"53":1,"55":1,"57":1,"59":1,"61":1,"63":1,"65":1,"67":1,"69":1,"71":1,"73":1,"75":1,"77":1,"79":1,"81":1,"83":1,"85":1,"87":1,"89":1,"91":1,"93":1,"95":1,"97":1,"99":1,"101":1,"103":1,"105":1,"107":1,"109":1,"111":1,"113":28,"115":1}},"/home/travis/build/npmtest/node-npmtest-airbnb-prop-types/node_modules/airbnb-prop-types/build/and.js":{"path":"/home/travis/build/npmtest/node-npmtest-airbnb-prop-types/node_modules/airbnb-prop-types/build/and.js","s":{"1":1,"2":1,"3":1,"4":1,"5":1,"6":1,"7":1,"8":3,"9":3,"10":0,"11":3,"12":0,"13":3,"14":1,"15":0,"16":0,"17":0,"18":0,"19":0,"20":0,"21":0,"22":3,"23":3,"24":1,"25":0,"26":0,"27":0,"28":0,"29":0,"30":0,"31":0,"32":3,"33":3},"b":{"1":[1,0],"2":[1,1],"3":[2,1],"4":[3,2],"5":[0,3],"6":[0,3],"7":[0,0],"8":[0,0]},"f":{"1":1,"2":3,"3":3,"4":0,"5":0,"6":3,"7":0,"8":0},"fnMap":{"1":{"name":"_interopRequireDefault","line":10,"loc":{"start":{"line":10,"column":0},"end":{"line":10,"column":37}}},"2":{"name":"andValidator","line":12,"loc":{"start":{"line":12,"column":0},"end":{"line":12,"column":34}}},"3":{"name":"(anonymous_3)","line":22,"loc":{"start":{"line":22,"column":18},"end":{"line":22,"column":30}}},"4":{"name":"and","line":23,"loc":{"start":{"line":23,"column":4},"end":{"line":23,"column":19}}},"5":{"name":"(anonymous_5)","line":29,"loc":{"start":{"line":29,"column":22},"end":{"line":29,"column":45}}},"6":{"name":"(anonymous_6)","line":39,"loc":{"start":{"line":39,"column":25},"end":{"line":39,"column":37}}},"7":{"name":"andIsRequired","line":40,"loc":{"start":{"line":40,"column":4},"end":{"line":40,"column":29}}},"8":{"name":"(anonymous_8)","line":46,"loc":{"start":{"line":46,"column":22},"end":{"line":46,"column":45}}}},"statementMap":{"1":{"start":{"line":1,"column":0},"end":{"line":3,"column":3}},"2":{"start":{"line":4,"column":0},"end":{"line":4,"column":34}},"3":{"start":{"line":6,"column":0},"end":{"line":6,"column":56}},"4":{"start":{"line":8,"column":0},"end":{"line":8,"column":61}},"5":{"start":{"line":10,"column":0},"end":{"line":10,"column":97}},"6":{"start":{"line":10,"column":39},"end":{"line":10,"column":95}},"7":{"start":{"line":12,"column":0},"end":{"line":57,"column":1}},"8":{"start":{"line":13,"column":2},"end":{"line":13,"column":87}},"9":{"start":{"line":15,"column":2},"end":{"line":17,"column":3}},"10":{"start":{"line":16,"column":4},"end":{"line":16,"column":66}},"11":{"start":{"line":18,"column":2},"end":{"line":20,"column":3}},"12":{"start":{"line":19,"column":4},"end":{"line":19,"column":67}},"13":{"start":{"line":22,"column":2},"end":{"line":37,"column":6}},"14":{"start":{"line":23,"column":4},"end":{"line":34,"column":5}},"15":{"start":{"line":24,"column":6},"end":{"line":26,"column":7}},"16":{"start":{"line":25,"column":8},"end":{"line":25,"column":37}},"17":{"start":{"line":28,"column":6},"end":{"line":28,"column":28}},"18":{"start":{"line":29,"column":6},"end":{"line":32,"column":9}},"19":{"start":{"line":30,"column":8},"end":{"line":30,"column":56}},"20":{"start":{"line":31,"column":8},"end":{"line":31,"column":34}},"21":{"start":{"line":33,"column":6},"end":{"line":33,"column":52}},"22":{"start":{"line":36,"column":4},"end":{"line":36,"column":15}},"23":{"start":{"line":39,"column":2},"end":{"line":54,"column":6}},"24":{"start":{"line":40,"column":4},"end":{"line":51,"column":5}},"25":{"start":{"line":41,"column":6},"end":{"line":43,"column":7}},"26":{"start":{"line":42,"column":8},"end":{"line":42,"column":39}},"27":{"start":{"line":45,"column":6},"end":{"line":45,"column":28}},"28":{"start":{"line":46,"column":6},"end":{"line":49,"column":9}},"29":{"start":{"line":47,"column":8},"end":{"line":47,"column":69}},"30":{"start":{"line":48,"column":8},"end":{"line":48,"column":34}},"31":{"start":{"line":50,"column":6},"end":{"line":50,"column":52}},"32":{"start":{"line":53,"column":4},"end":{"line":53,"column":25}},"33":{"start":{"line":56,"column":2},"end":{"line":56,"column":70}}},"branchMap":{"1":{"line":10,"type":"cond-expr","locations":[{"start":{"line":10,"column":70},"end":{"line":10,"column":73}},{"start":{"line":10,"column":76},"end":{"line":10,"column":94}}]},"2":{"line":10,"type":"binary-expr","locations":[{"start":{"line":10,"column":46},"end":{"line":10,"column":49}},{"start":{"line":10,"column":53},"end":{"line":10,"column":67}}]},"3":{"line":13,"type":"cond-expr","locations":[{"start":{"line":13,"column":66},"end":{"line":13,"column":78}},{"start":{"line":13,"column":81},"end":{"line":13,"column":86}}]},"4":{"line":13,"type":"binary-expr","locations":[{"start":{"line":13,"column":13},"end":{"line":13,"column":33}},{"start":{"line":13,"column":37},"end":{"line":13,"column":63}}]},"5":{"line":15,"type":"if","locations":[{"start":{"line":15,"column":2},"end":{"line":15,"column":2}},{"start":{"line":15,"column":2},"end":{"line":15,"column":2}}]},"6":{"line":18,"type":"if","locations":[{"start":{"line":18,"column":2},"end":{"line":18,"column":2}},{"start":{"line":18,"column":2},"end":{"line":18,"column":2}}]},"7":{"line":33,"type":"cond-expr","locations":[{"start":{"line":33,"column":34},"end":{"line":33,"column":38}},{"start":{"line":33,"column":41},"end":{"line":33,"column":51}}]},"8":{"line":50,"type":"cond-expr","locations":[{"start":{"line":50,"column":34},"end":{"line":50,"column":38}},{"start":{"line":50,"column":41},"end":{"line":50,"column":51}}]}},"code":["Object.defineProperty(exports, \"__esModule\", {","  value: true","});","exports['default'] = andValidator;","","var _wrapValidator = require('./helpers/wrapValidator');","","var _wrapValidator2 = _interopRequireDefault(_wrapValidator);","","function _interopRequireDefault(obj) { return obj && obj.__esModule ? obj : { 'default': obj }; }","","function andValidator(validators) {","  var name = arguments.length > 1 && arguments[1] !== undefined ? arguments[1] : 'and';","","  if (!Array.isArray(validators)) {","    throw new TypeError('and: 2 or more validators are required');","  }","  if (validators.length <= 1) {","    throw new RangeError('and: 2 or more validators are required');","  }","","  var validator = function () {","    function and() {","      for (var _len = arguments.length, args = Array(_len), _key = 0; _key < _len; _key++) {","        args[_key] = arguments[_key];","      }","","      var firstError = null;","      validators.some(function (validatorFn) {","        firstError = validatorFn.apply(undefined, args);","        return firstError != null;","      });","      return firstError == null ? null : firstError;","    }","","    return and;","  }();","","  validator.isRequired = function () {","    function andIsRequired() {","      for (var _len2 = arguments.length, args = Array(_len2), _key2 = 0; _key2 < _len2; _key2++) {","        args[_key2] = arguments[_key2];","      }","","      var firstError = null;","      validators.some(function (validatorFn) {","        firstError = validatorFn.isRequired.apply(validatorFn, args);","        return firstError != null;","      });","      return firstError == null ? null : firstError;","    }","","    return andIsRequired;","  }();","","  return (0, _wrapValidator2['default'])(validator, name, validators);","}","//# sourceMappingURL=and.js.map"],"l":{"1":1,"4":1,"6":1,"8":1,"10":1,"12":1,"13":3,"15":3,"16":0,"18":3,"19":0,"22":3,"23":1,"24":0,"25":0,"28":0,"29":0,"30":0,"31":0,"33":0,"36":3,"39":3,"40":1,"41":0,"42":0,"45":0,"46":0,"47":0,"48":0,"50":0,"53":3,"56":3}},"/home/travis/build/npmtest/node-npmtest-airbnb-prop-types/node_modules/airbnb-prop-types/build/helpers/wrapValidator.js":{"path":"/home/travis/build/npmtest/node-npmtest-airbnb-prop-types/node_modules/airbnb-prop-types/build/helpers/wrapValidator.js","s":{"1":1,"2":1,"3":1,"4":1,"5":1,"6":1,"7":1,"8":18,"9":18},"b":{"1":[0,1],"2":[1,1],"3":[14,4],"4":[18,14]},"f":{"1":1,"2":18},"fnMap":{"1":{"name":"_interopRequireDefault","line":10,"loc":{"start":{"line":10,"column":0},"end":{"line":10,"column":37}}},"2":{"name":"wrapValidator","line":12,"loc":{"start":{"line":12,"column":0},"end":{"line":12,"column":44}}}},"statementMap":{"1":{"start":{"line":1,"column":0},"end":{"line":3,"column":3}},"2":{"start":{"line":4,"column":0},"end":{"line":4,"column":35}},"3":{"start":{"line":6,"column":0},"end":{"line":6,"column":39}},"4":{"start":{"line":8,"column":0},"end":{"line":8,"column":47}},"5":{"start":{"line":10,"column":0},"end":{"line":10,"column":97}},"6":{"start":{"line":10,"column":39},"end":{"line":10,"column":95}},"7":{"start":{"line":12,"column":0},"end":{"line":24,"column":1}},"8":{"start":{"line":13,"column":2},"end":{"line":13,"column":93}},"9":{"start":{"line":15,"column":2},"end":{"line":23,"column":5}}},"branchMap":{"1":{"line":10,"type":"cond-expr","locations":[{"start":{"line":10,"column":70},"end":{"line":10,"column":73}},{"start":{"line":10,"column":76},"end":{"line":10,"column":94}}]},"2":{"line":10,"type":"binary-expr","locations":[{"start":{"line":10,"column":46},"end":{"line":10,"column":49}},{"start":{"line":10,"column":53},"end":{"line":10,"column":67}}]},"3":{"line":13,"type":"cond-expr","locations":[{"start":{"line":13,"column":73},"end":{"line":13,"column":85}},{"start":{"line":13,"column":88},"end":{"line":13,"column":92}}]},"4":{"line":13,"type":"binary-expr","locations":[{"start":{"line":13,"column":20},"end":{"line":13,"column":40}},{"start":{"line":13,"column":44},"end":{"line":13,"column":70}}]}},"code":["Object.defineProperty(exports, \"__esModule\", {","  value: true","});","exports['default'] = wrapValidator;","","var _object = require('object.assign');","","var _object2 = _interopRequireDefault(_object);","","function _interopRequireDefault(obj) { return obj && obj.__esModule ? obj : { 'default': obj }; }","","function wrapValidator(validator, typeName) {","  var typeChecker = arguments.length > 2 && arguments[2] !== undefined ? arguments[2] : null;","","  return (0, _object2['default'])(validator.bind(), {","    typeName: typeName,","    typeChecker: typeChecker,","    isRequired: (0, _object2['default'])(validator.isRequired.bind(), {","      typeName: typeName,","      typeChecker: typeChecker,","      typeRequired: true","    })","  });","}","//# sourceMappingURL=wrapValidator.js.map"],"l":{"1":1,"4":1,"6":1,"8":1,"10":1,"12":1,"13":18,"15":18}},"/home/travis/build/npmtest/node-npmtest-airbnb-prop-types/node_modules/airbnb-prop-types/build/between.js":{"path":"/home/travis/build/npmtest/node-npmtest-airbnb-prop-types/node_modules/airbnb-prop-types/build/between.js","s":{"1":1,"2":1,"3":0,"4":0,"5":1,"6":1,"7":0,"8":0,"9":0,"10":0,"11":0,"12":0,"13":0,"14":0,"15":0,"16":0,"17":0,"18":0,"19":0,"20":0,"21":0,"22":0,"23":0,"24":1,"25":1,"26":1,"27":0,"28":0,"29":0,"30":1,"31":1,"32":1,"33":1,"34":1,"35":1,"36":1,"37":1,"38":1,"39":1,"40":1,"41":1,"42":5,"43":1,"44":1,"45":0,"46":1,"47":1,"48":1,"49":0,"50":0,"51":0,"52":0,"53":1,"54":8,"55":8,"56":0,"57":8,"58":1,"59":7,"60":1,"61":0,"62":0,"63":0,"64":0,"65":0,"66":0,"67":1,"68":0,"69":0,"70":0,"71":0,"72":0,"73":0,"74":1,"75":0,"76":0,"77":0,"78":0,"79":0,"80":0,"81":1,"82":0,"83":0,"84":0,"85":0,"86":0,"87":0,"88":1,"89":0,"90":0,"91":1,"92":1,"93":1,"94":1,"95":0,"96":1,"97":1,"98":0,"99":0,"100":0,"101":0,"102":1,"103":1,"104":1,"105":8,"106":1,"107":1,"108":1,"109":1,"110":0,"111":1,"112":1,"113":1,"114":0,"115":0,"116":0,"117":0,"118":0,"119":0,"120":0,"121":0,"122":0,"123":0,"124":0,"125":0,"126":0,"127":0,"128":1,"129":1,"130":1,"131":0,"132":0,"133":0,"134":0,"135":0,"136":0,"137":0,"138":0,"139":0,"140":0,"141":0,"142":0,"143":1,"144":1},"b":{"1":[1,0],"2":[1,1],"3":[0,0],"4":[0,0,0,0],"5":[0,0],"6":[0,0],"7":[0,0],"8":[0,0],"9":[0,0],"10":[1,0],"11":[0,0],"12":[3,2],"13":[5,5],"14":[0,1],"15":[0,0],"16":[0,0],"17":[0,8],"18":[1,7],"19":[8,1],"20":[0,0],"21":[0,0],"22":[0,0],"23":[0,0],"24":[0,0],"25":[0,0],"26":[0,0],"27":[0,0],"28":[1,0],"29":[0,1],"30":[0,0],"31":[0,0],"32":[0,0],"33":[0,0],"34":[0,0],"35":[0,0],"36":[0,0],"37":[0,0],"38":[0,0],"39":[0,0],"40":[0,0]},"f":{"1":0,"2":0,"3":1,"4":0,"5":1,"6":5,"7":1,"8":0,"9":8,"10":0,"11":0,"12":0,"13":0,"14":0,"15":1,"16":1,"17":0,"18":0,"19":0,"20":1,"21":8,"22":1,"23":1,"24":0,"25":1,"26":0},"fnMap":{"1":{"name":"(anonymous_1)","line":5,"loc":{"start":{"line":5,"column":84},"end":{"line":5,"column":99}}},"2":{"name":"(anonymous_2)","line":5,"loc":{"start":{"line":5,"column":124},"end":{"line":5,"column":139}}},"3":{"name":"(anonymous_3)","line":7,"loc":{"start":{"line":7,"column":21},"end":{"line":7,"column":33}}},"4":{"name":"sliceIterator","line":7,"loc":{"start":{"line":7,"column":35},"end":{"line":7,"column":66}}},"5":{"name":"(anonymous_5)","line":7,"loc":{"start":{"line":7,"column":436},"end":{"line":7,"column":454}}},"6":{"name":"_interopRequireDefault","line":31,"loc":{"start":{"line":31,"column":0},"end":{"line":31,"column":37}}},"7":{"name":"_defineProperty","line":33,"loc":{"start":{"line":33,"column":0},"end":{"line":33,"column":42}}},"8":{"name":"number","line":35,"loc":{"start":{"line":35,"column":0},"end":{"line":35,"column":48}}},"9":{"name":"numberOrPropsFunc","line":44,"loc":{"start":{"line":44,"column":0},"end":{"line":44,"column":44}}},"10":{"name":"lowerCompare","line":58,"loc":{"start":{"line":58,"column":0},"end":{"line":58,"column":35}}},"11":{"name":"upperCompare","line":71,"loc":{"start":{"line":71,"column":0},"end":{"line":71,"column":36}}},"12":{"name":"greaterThanError","line":84,"loc":{"start":{"line":84,"column":0},"end":{"line":84,"column":33}}},"13":{"name":"lessThanError","line":97,"loc":{"start":{"line":97,"column":0},"end":{"line":97,"column":30}}},"14":{"name":"errorMessage","line":110,"loc":{"start":{"line":110,"column":0},"end":{"line":110,"column":53}}},"15":{"name":"propsThunkify","line":115,"loc":{"start":{"line":115,"column":0},"end":{"line":115,"column":29}}},"16":{"name":"(anonymous_16)","line":116,"loc":{"start":{"line":116,"column":47},"end":{"line":116,"column":69}}},"17":{"name":"(anonymous_17)","line":121,"loc":{"start":{"line":121,"column":50},"end":{"line":121,"column":62}}},"18":{"name":"invokeWithProps","line":128,"loc":{"start":{"line":128,"column":0},"end":{"line":128,"column":44}}},"19":{"name":"(anonymous_19)","line":129,"loc":{"start":{"line":129,"column":53},"end":{"line":129,"column":75}}},"20":{"name":"argValidator","line":140,"loc":{"start":{"line":140,"column":0},"end":{"line":140,"column":39}}},"21":{"name":"(anonymous_21)","line":141,"loc":{"start":{"line":141,"column":29},"end":{"line":141,"column":50}}},"22":{"name":"betweenValidator","line":148,"loc":{"start":{"line":148,"column":0},"end":{"line":148,"column":35}}},"23":{"name":"(anonymous_23)","line":156,"loc":{"start":{"line":156,"column":18},"end":{"line":156,"column":30}}},"24":{"name":"between","line":157,"loc":{"start":{"line":157,"column":4},"end":{"line":157,"column":53}}},"25":{"name":"(anonymous_25)","line":187,"loc":{"start":{"line":187,"column":25},"end":{"line":187,"column":37}}},"26":{"name":"betweenRequired","line":188,"loc":{"start":{"line":188,"column":4},"end":{"line":188,"column":61}}}},"statementMap":{"1":{"start":{"line":1,"column":0},"end":{"line":3,"column":3}},"2":{"start":{"line":5,"column":0},"end":{"line":5,"column":269}},"3":{"start":{"line":5,"column":101},"end":{"line":5,"column":119}},"4":{"start":{"line":5,"column":141},"end":{"line":5,"column":266}},"5":{"start":{"line":7,"column":0},"end":{"line":7,"column":664}},"6":{"start":{"line":7,"column":35},"end":{"line":7,"column":428}},"7":{"start":{"line":7,"column":68},"end":{"line":7,"column":82}},"8":{"start":{"line":7,"column":83},"end":{"line":7,"column":97}},"9":{"start":{"line":7,"column":98},"end":{"line":7,"column":113}},"10":{"start":{"line":7,"column":114},"end":{"line":7,"column":133}},"11":{"start":{"line":7,"column":134},"end":{"line":7,"column":413}},"12":{"start":{"line":7,"column":140},"end":{"line":7,"column":283}},"13":{"start":{"line":7,"column":226},"end":{"line":7,"column":246}},"14":{"start":{"line":7,"column":247},"end":{"line":7,"column":281}},"15":{"start":{"line":7,"column":275},"end":{"line":7,"column":281}},"16":{"start":{"line":7,"column":300},"end":{"line":7,"column":310}},"17":{"start":{"line":7,"column":311},"end":{"line":7,"column":320}},"18":{"start":{"line":7,"column":333},"end":{"line":7,"column":411}},"19":{"start":{"line":7,"column":339},"end":{"line":7,"column":379}},"20":{"start":{"line":7,"column":364},"end":{"line":7,"column":379}},"21":{"start":{"line":7,"column":392},"end":{"line":7,"column":409}},"22":{"start":{"line":7,"column":400},"end":{"line":7,"column":409}},"23":{"start":{"line":7,"column":414},"end":{"line":7,"column":426}},"24":{"start":{"line":7,"column":429},"end":{"line":7,"column":659}},"25":{"start":{"line":7,"column":456},"end":{"line":7,"column":656}},"26":{"start":{"line":7,"column":482},"end":{"line":7,"column":493}},"27":{"start":{"line":7,"column":501},"end":{"line":7,"column":656}},"28":{"start":{"line":7,"column":539},"end":{"line":7,"column":568}},"29":{"start":{"line":7,"column":578},"end":{"line":7,"column":654}},"30":{"start":{"line":9,"column":0},"end":{"line":9,"column":38}},"31":{"start":{"line":11,"column":0},"end":{"line":11,"column":39}},"32":{"start":{"line":13,"column":0},"end":{"line":13,"column":47}},"33":{"start":{"line":15,"column":0},"end":{"line":15,"column":41}},"34":{"start":{"line":17,"column":0},"end":{"line":17,"column":48}},"35":{"start":{"line":19,"column":0},"end":{"line":19,"column":32}},"36":{"start":{"line":21,"column":0},"end":{"line":21,"column":45}},"37":{"start":{"line":23,"column":0},"end":{"line":23,"column":38}},"38":{"start":{"line":25,"column":0},"end":{"line":25,"column":51}},"39":{"start":{"line":27,"column":0},"end":{"line":27,"column":56}},"40":{"start":{"line":29,"column":0},"end":{"line":29,"column":61}},"41":{"start":{"line":31,"column":0},"end":{"line":31,"column":97}},"42":{"start":{"line":31,"column":39},"end":{"line":31,"column":95}},"43":{"start":{"line":33,"column":0},"end":{"line":33,"column":209}},"44":{"start":{"line":33,"column":44},"end":{"line":33,"column":195}},"45":{"start":{"line":33,"column":62},"end":{"line":33,"column":166}},"46":{"start":{"line":33,"column":176},"end":{"line":33,"column":193}},"47":{"start":{"line":33,"column":196},"end":{"line":33,"column":207}},"48":{"start":{"line":35,"column":0},"end":{"line":42,"column":1}},"49":{"start":{"line":36,"column":2},"end":{"line":36,"column":30}},"50":{"start":{"line":37,"column":2},"end":{"line":39,"column":3}},"51":{"start":{"line":38,"column":4},"end":{"line":38,"column":16}},"52":{"start":{"line":41,"column":2},"end":{"line":41,"column":103}},"53":{"start":{"line":44,"column":0},"end":{"line":56,"column":1}},"54":{"start":{"line":45,"column":2},"end":{"line":45,"column":30}},"55":{"start":{"line":47,"column":2},"end":{"line":49,"column":3}},"56":{"start":{"line":48,"column":4},"end":{"line":48,"column":16}},"57":{"start":{"line":51,"column":2},"end":{"line":53,"column":3}},"58":{"start":{"line":52,"column":4},"end":{"line":52,"column":16}},"59"
[...]
:0,"49":0,"50":0,"53":0,"54":0,"56":0,"59":0,"61":0,"64":1,"65":0,"67":0,"68":0,"70":0,"71":0,"74":0,"76":0}},"/home/travis/build/npmtest/node-npmtest-airbnb-prop-types/node_modules/airbnb-prop-types/build/range.js":{"path":"/home/travis/build/npmtest/node-npmtest-airbnb-prop-types/node_modules/airbnb-prop-types/build/range.js","s":{"1":1,"2":1,"3":1,"4":1,"5":1,"6":1,"7":1,"8":1,"9":1,"10":1,"11":1,"12":1,"13":1,"14":5,"15":1,"16":1,"17":0,"18":1,"19":0,"20":0,"21":0,"22":0,"23":0},"b":{"1":[5,0],"2":[5,5],"3":[1,0],"4":[0,0],"5":[0,0],"6":[0,0],"7":[0,0]},"f":{"1":5,"2":0,"3":0},"fnMap":{"1":{"name":"_interopRequireDefault","line":26,"loc":{"start":{"line":26,"column":0},"end":{"line":26,"column":37}}},"2":{"name":"isValidLength","line":30,"loc":{"start":{"line":30,"column":0},"end":{"line":30,"column":26}}},"3":{"name":"range","line":34,"loc":{"start":{"line":34,"column":0},"end":{"line":34,"column":25}}}},"statementMap":{"1":{"start":{"line":1,"column":0},"end":{"line":3,"column":3}},"2":{"start":{"line":4,"column":0},"end":{"line":4,"column":27}},"3":{"start":{"line":6,"column":0},"end":{"line":6,"column":28}},"4":{"start":{"line":8,"column":0},"end":{"line":8,"column":41}},"5":{"start":{"line":10,"column":0},"end":{"line":10,"column":36}},"6":{"start":{"line":12,"column":0},"end":{"line":12,"column":49}},"7":{"start":{"line":14,"column":0},"end":{"line":14,"column":36}},"8":{"start":{"line":16,"column":0},"end":{"line":16,"column":49}},"9":{"start":{"line":18,"column":0},"end":{"line":18,"column":48}},"10":{"start":{"line":20,"column":0},"end":{"line":20,"column":53}},"11":{"start":{"line":22,"column":0},"end":{"line":22,"column":56}},"12":{"start":{"line":24,"column":0},"end":{"line":24,"column":61}},"13":{"start":{"line":26,"column":0},"end":{"line":26,"column":97}},"14":{"start":{"line":26,"column":39},"end":{"line":26,"column":95}},"15":{"start":{"line":28,"column":0},"end":{"line":28,"column":96}},"16":{"start":{"line":30,"column":0},"end":{"line":32,"column":1}},"17":{"start":{"line":31,"column":2},"end":{"line":31,"column":74}},"18":{"start":{"line":34,"column":0},"end":{"line":42,"column":1}},"19":{"start":{"line":35,"column":2},"end":{"line":37,"column":3}},"20":{"start":{"line":36,"column":4},"end":{"line":36,"column":109}},"21":{"start":{"line":38,"column":2},"end":{"line":40,"column":3}},"22":{"start":{"line":39,"column":4},"end":{"line":39,"column":61}},"23":{"start":{"line":41,"column":2},"end":{"line":41,"column":187}}},"branchMap":{"1":{"line":26,"type":"cond-expr","locations":[{"start":{"line":26,"column":70},"end":{"line":26,"column":73}},{"start":{"line":26,"column":76},"end":{"line":26,"column":94}}]},"2":{"line":26,"type":"binary-expr","locations":[{"start":{"line":26,"column":46},"end":{"line":26,"column":49}},{"start":{"line":26,"column":53},"end":{"line":26,"column":67}}]},"3":{"line":28,"type":"binary-expr","locations":[{"start":{"line":28,"column":23},"end":{"line":28,"column":46}},{"start":{"line":28,"column":76},"end":{"line":28,"column":95}}]},"4":{"line":31,"type":"binary-expr","locations":[{"start":{"line":31,"column":9},"end":{"line":31,"column":39}},{"start":{"line":31,"column":43},"end":{"line":31,"column":73}}]},"5":{"line":35,"type":"if","locations":[{"start":{"line":35,"column":2},"end":{"line":35,"column":2}},{"start":{"line":35,"column":2},"end":{"line":35,"column":2}}]},"6":{"line":35,"type":"binary-expr","locations":[{"start":{"line":35,"column":6},"end":{"line":35,"column":25}},{"start":{"line":35,"column":29},"end":{"line":35,"column":48}}]},"7":{"line":38,"type":"if","locations":[{"start":{"line":38,"column":2},"end":{"line":38,"column":2}},{"start":{"line":38,"column":2},"end":{"line":38,"column":2}}]}},"code":["Object.defineProperty(exports, \"__esModule\", {","  value: true","});","exports['default'] = range;","","var _and = require('./and');","","var _and2 = _interopRequireDefault(_and);","","var _between = require('./between');","","var _between2 = _interopRequireDefault(_between);","","var _integer = require('./integer');","","var _integer2 = _interopRequireDefault(_integer);","","var _isInteger = require('./helpers/isInteger');","","var _isInteger2 = _interopRequireDefault(_isInteger);","","var _wrapValidator = require('./helpers/wrapValidator');","","var _wrapValidator2 = _interopRequireDefault(_wrapValidator);","","function _interopRequireDefault(obj) { return obj && obj.__esModule ? obj : { 'default': obj }; }","","var MAX_SAFE_INTEGER = Number.MAX_SAFE_INTEGER || /* istanbul ignore next */Math.pow(2, 53) - 1;","","function isValidLength(x) {","  return (0, _isInteger2['default'])(x) && Math.abs(x) < MAX_SAFE_INTEGER;","}","","function range(min, max) {","  if (!isValidLength(min) || !isValidLength(max)) {","    throw new RangeError('\"range\" requires two integers: ' + String(min) + ' and ' + String(max) + ' given');","  }","  if (min === max) {","    throw new RangeError('min and max must not be the same');","  }","  return (0, _wrapValidator2['default'])((0, _and2['default'])([(0, _integer2['default'])(), (0, _between2['default'])({ gte: min, lt: max })], 'range'), 'range', { min: min, max: max });","}","//# sourceMappingURL=range.js.map"],"l":{"1":1,"4":1,"6":1,"8":1,"10":1,"12":1,"14":1,"16":1,"18":1,"20":1,"22":1,"24":1,"26":5,"28":1,"30":1,"31":0,"34":1,"35":0,"36":0,"38":0,"39":0,"41":0}},"/home/travis/build/npmtest/node-npmtest-airbnb-prop-types/node_modules/airbnb-prop-types/build/restrictedProp.js":{"path":"/home/travis/build/npmtest/node-npmtest-airbnb-prop-types/node_modules/airbnb-prop-types/build/restrictedProp.js","s":{"1":1,"2":1,"3":1,"4":1,"5":1,"6":1,"7":0,"8":0,"9":0,"10":1,"11":1,"12":0},"b":{"1":[1,0],"2":[1,1],"3":[0,0]},"f":{"1":1,"2":0,"3":0},"fnMap":{"1":{"name":"_interopRequireDefault","line":9,"loc":{"start":{"line":9,"column":0},"end":{"line":9,"column":37}}},"2":{"name":"restrictedProp","line":11,"loc":{"start":{"line":11,"column":0},"end":{"line":11,"column":56}}},"3":{"name":"(anonymous_3)","line":20,"loc":{"start":{"line":20,"column":21},"end":{"line":20,"column":33}}}},"statementMap":{"1":{"start":{"line":1,"column":0},"end":{"line":3,"column":3}},"2":{"start":{"line":5,"column":0},"end":{"line":5,"column":56}},"3":{"start":{"line":7,"column":0},"end":{"line":7,"column":61}},"4":{"start":{"line":9,"column":0},"end":{"line":9,"column":97}},"5":{"start":{"line":9,"column":39},"end":{"line":9,"column":95}},"6":{"start":{"line":11,"column":0},"end":{"line":17,"column":1}},"7":{"start":{"line":12,"column":2},"end":{"line":14,"column":3}},"8":{"start":{"line":13,"column":4},"end":{"line":13,"column":111}},"9":{"start":{"line":16,"column":2},"end":{"line":16,"column":14}},"10":{"start":{"line":18,"column":0},"end":{"line":18,"column":43}},"11":{"start":{"line":20,"column":0},"end":{"line":22,"column":2}},"12":{"start":{"line":21,"column":2},"end":{"line":21,"column":75}}},"branchMap":{"1":{"line":9,"type":"cond-expr","locations":[{"start":{"line":9,"column":70},"end":{"line":9,"column":73}},{"start":{"line":9,"column":76},"end":{"line":9,"column":94}}]},"2":{"line":9,"type":"binary-expr","locations":[{"start":{"line":9,"column":46},"end":{"line":9,"column":49}},{"start":{"line":9,"column":53},"end":{"line":9,"column":67}}]},"3":{"line":12,"type":"if","locations":[{"start":{"line":12,"column":2},"end":{"line":12,"column":2}},{"start":{"line":12,"column":2},"end":{"line":12,"column":2}}]}},"code":["Object.defineProperty(exports, \"__esModule\", {","  value: true","});","","var _wrapValidator = require('./helpers/wrapValidator');","","var _wrapValidator2 = _interopRequireDefault(_wrapValidator);","","function _interopRequireDefault(obj) { return obj && obj.__esModule ? obj : { 'default': obj }; }","","function restrictedProp(props, propName, componentName) {","  if (props[propName] != null) {","    return new TypeError('The ' + String(propName) + ' prop on ' + String(componentName) + ' is not allowed.');","  }","","  return null;","}","restrictedProp.isRequired = restrictedProp;","","exports['default'] = function () {","  return (0, _wrapValidator2['default'])(restrictedProp, 'restrictedProp');","};","//# sourceMappingURL=restrictedProp.js.map"],"l":{"1":1,"5":1,"7":1,"9":1,"11":1,"12":0,"13":0,"16":0,"18":1,"20":1,"21":0}},"/home/travis/build/npmtest/node-npmtest-airbnb-prop-types/node_modules/airbnb-prop-types/build/uniqueArray.js":{"path":"/home/travis/build/npmtest/node-npmtest-airbnb-prop-types/node_modules/airbnb-prop-types/build/uniqueArray.js","s":{"1":1,"2":1,"3":1,"4":1,"5":1,"6":1,"7":1,"8":0,"9":1,"10":0,"11":0,"12":0,"13":0,"14":0,"15":1,"16":1,"17":0,"18":0,"19":0,"20":0,"21":0,"22":0,"23":0,"24":0,"25":0,"26":0,"27":1,"28":0,"29":0,"30":0,"31":0,"32":0,"33":0,"34":1,"35":1,"36":1},"b":{"1":[1,0],"2":[1,1],"3":[0,0],"4":[1,0],"5":[0,0],"6":[0,0],"7":[0,0]},"f":{"1":1,"2":0,"3":0,"4":0,"5":0,"6":0,"7":1},"fnMap":{"1":{"name":"_interopRequireDefault","line":11,"loc":{"start":{"line":11,"column":0},"end":{"line":11,"column":37}}},"2":{"name":"uniqueCountWithSet","line":13,"loc":{"start":{"line":13,"column":0},"end":{"line":13,"column":33}}},"3":{"name":"uniqueCountLegacy","line":17,"loc":{"start":{"line":17,"column":0},"end":{"line":17,"column":32}},"skip":true},"4":{"name":"(anonymous_4)","line":19,"loc":{"start":{"line":19,"column":14},"end":{"line":19,"column":30}},"skip":true},"5":{"name":"requiredUniqueArray","line":29,"loc":{"start":{"line":29,"column":0},"end":{"line":29,"column":61}},"skip":true},"6":{"name":"uniqueArray","line":47,"loc":{"start":{"line":47,"column":0},"end":{"line":47,"column":38}}},"7":{"name":"(anonymous_7)","line":61,"loc":{"start":{"line":61,"column":21},"end":{"line":61,"column":33}}}},"statementMap":{"1":{"start":{"line":1,"column":0},"end":{"line":3,"column":3}},"2":{"start":{"line":5,"column":0},"end":{"line":5,"column":39}},"3":{"start":{"line":7,"column":0},"end":{"line":7,"column":56}},"4":{"start":{"line":9,"column":0},"end":{"line":9,"column":61}},"5":{"start":{"line":11,"column":0},"end":{"line":11,"column":97}},"6":{"start":{"line":11,"column":39},"end":{"line":11,"column":95}},"7":{"start":{"line":13,"column":0},"end":{"line":15,"column":1}},"8":{"start":{"line":14,"column":2},"end":{"line":14,"column":27}},"9":{"start":{"line":17,"column":0},"end":{"line":25,"column":1},"skip":true},"10":{"start":{"line":18,"column":2},"end":{"line":18,"column":16},"skip":true},"11":{"start":{"line":19,"column":2},"end":{"line":23,"column":5},"skip":true},"12":{"start":{"line":20,"column":4},"end":{"line":22,"column":5},"skip":true},"13":{"start":{"line":21,"column":6},"end":{"line":21,"column":22},"skip":true},"14":{"start":{"line":24,"column":2},"end":{"line":24,"column":21},"skip":true},"15":{"start":{"line":27,"column":0},"end":{"line":27,"column":114}},"16":{"start":{"line":29,"column":0},"end":{"line":45,"column":1},"skip":true},"17":{"start":{"line":30,"column":2},"end":{"line":32,"column":3},"skip":true},"18":{"start":{"line":31,"column":4},"end":{"line":31,"column":37},"skip":true},"19":{"start":{"line":34,"column":2},"end":{"line":34,"column":114},"skip":true},"20":{"start":{"line":35,"column":2},"end":{"line":37,"column":3},"skip":true},"21":{"start":{"line":36,"column":4},"end":{"line":36,"column":18},"skip":true},"22":{"start":{"line":39,"column":2},"end":{"line":39,"column":34},"skip":true},"23":{"start":{"line":40,"column":2},"end":{"line":40,"column":46},"skip":true},"24":{"start":{"line":41,"column":2},"end":{"line":43,"column":3},"skip":true},"25":{"start":{"line":42,"column":4},"end":{"line":42,"column":143},"skip":true},"26":{"start":{"line":44,"column":2},"end":{"line":44,"column":14},"skip":true},"27":{"start":{"line":47,"column":0},"end":{"line":58,"column":1}},"28":{"start":{"line":48,"column":2},"end":{"line":48,"column":34}},"29":{"start":{"line":49,"column":2},"end":{"line":51,"column":3}},"30":{"start":{"line":50,"column":4},"end":{"line":50,"column":16}},"31":{"start":{"line":53,"column":2},"end":{"line":55,"column":3}},"32":{"start":{"line":54,"column":4},"end":{"line":54,"column":39}},"33":{"start":{"line":57,"column":2},"end":{"line":57,"column":78}},"34":{"start":{"line":59,"column":0},"end":{"line":59,"column":45}},"35":{"start":{"line":61,"column":0},"end":{"line":63,"column":2}},"36":{"start":{"line":62,"column":2},"end":{"line":62,"column":69}}},"branchMap":{"1":{"line":11,"type":"cond-expr","locations":[{"start":{"line":11,"column":70},"end":{"line":11,"column":73}},{"start":{"line":11,"column":76},"end":{"line":11,"column":94}}]},"2":{"line":11,"type":"binary-expr","locations":[{"start":{"line":11,"column":46},"end":{"line":11,"column":49}},{"start":{"line":11,"column":53},"end":{"line":11,"column":67}}]},"3":{"line":20,"type":"if","locations":[{"start":{"line":20,"column":4},"end":{"line":20,"column":4},"skip":true},{"start":{"line":20,"column":4},"end":{"line":20,"column":4},"skip":true}]},"4":{"line":27,"type":"cond-expr","locations":[{"start":{"line":27,"column":49},"end":{"line":27,"column":67}},{"start":{"line":27,"column":96},"end":{"line":27,"column":113}}]},"5":{"line":35,"type":"if","locations":[{"start":{"line":35,"column":2},"end":{"line":35,"column":2},"skip":true},{"start":{"line":35,"column":2},"end":{"line":35,"column":2},"skip":true}]},"6":{"line":41,"type":"if","locations":[{"start":{"line":41,"column":2},"end":{"line":41,"column":2},"skip":true},{"start":{"line":41,"column":2},"end":{"line":41,"column":2},"skip":true}]},"7":{"line":49,"type":"if","locations":[{"start":{"line":49,"column":2},"end":{"line":49,"column":2}},{"start":{"line":49,"column":2},"end":{"line":49,"column":2}}]}},"code":["Object.defineProperty(exports, \"__esModule\", {","  value: true","});","","var _propTypes = require('prop-types');","","var _wrapValidator = require('./helpers/wrapValidator');","","var _wrapValidator2 = _interopRequireDefault(_wrapValidator);","","function _interopRequireDefault(obj) { return obj && obj.__esModule ? obj : { 'default': obj }; }","","function uniqueCountWithSet(arr) {","  return new Set(arr).size;","}","/* istanbul ignore next */","function uniqueCountLegacy(arr) {","  var seen = [];","  arr.forEach(function (item) {","    if (seen.indexOf(item) === -1) {","      seen.push(item);","    }","  });","  return seen.length;","}","","var getUniqueCount = typeof Set === 'function' ? uniqueCountWithSet : /* istanbul ignore next */uniqueCountLegacy;","","function requiredUniqueArray(props, propName, componentName) {","  for (var _len = arguments.length, rest = Array(_len > 3 ? _len - 3 : 0), _key = 3; _key < _len; _key++) {","    rest[_key - 3] = arguments[_key];","  }","","  var result = _propTypes.array.isRequired.apply(_propTypes.array, [props, propName, componentName].concat(rest));","  if (result != null) {","    return result;","  }","","  var propValue = props[propName];","  var uniqueCount = getUniqueCount(propValue);","  if (uniqueCount !== propValue.length) {","    return new RangeError(String(componentName) + ': values must be unique. ' + (propValue.length - uniqueCount) + ' duplicate values found.');","  }","  return null;","}","","function uniqueArray(props, propName) {","  var propValue = props[propName];","  if (propValue == null) {","    return null;","  }","","  for (var _len2 = arguments.length, rest = Array(_len2 > 2 ? _len2 - 2 : 0), _key2 = 2; _key2 < _len2; _key2++) {","    rest[_key2 - 2] = arguments[_key2];","  }","","  return requiredUniqueArray.apply(undefined, [props, propName].concat(rest));","}","uniqueArray.isRequired = requiredUniqueArray;","","exports['default'] = function () {","  return (0, _wrapValidator2['default'])(uniqueArray, 'uniqueArray');","};","//# sourceMappingURL=uniqueArray.js.map"],"l":{"1":1,"5":1,"7":1,"9":1,"11":1,"13":1,"14":0,"17":1,"18":1,"19":1,"20":1,"21":1,"24":1,"27":1,"29":1,"30":1,"31":1,"34":1,"35":1,"36":1,"39":1,"40":1,"41":1,"42":1,"44":1,"47":1,"48":0,"49":0,"50":0,"53":0,"54":0,"57":0,"59":1,"61":1,"62":1}},"/home/travis/build/npmtest/node-npmtest-airbnb-prop-types/node_modules/airbnb-prop-types/build/uniqueArrayOf.js":{"path":"/home/travis/build/npmtest/node-npmtest-airbnb-prop-types/node_modules/airbnb-prop-types/build/uniqueArrayOf.js","s":{"1":1,"2":1,"3":1,"4":1,"5":1,"6":1,"7":1,"8":1,"9":2,"10":1,"11":1,"12":0,"13":0,"14":0,"15":0,"16":0,"17":0,"18":0},"b":{"1":[2,0],"2":[2,2],"3":[0,0],"4":[0,0],"5":[0,0]},"f":{"1":2,"2":0},"fnMap":{"1":{"name":"_interopRequireDefault","line":16,"loc":{"start":{"line":16,"column":0},"end":{"line":16,"column":37}}},"2":{"name":"uniqueArrayOfTypeValidator","line":20,"loc":{"start":{"line":20,"column":0},"end":{"line":20,"column":42}}}},"statementMap":{"1":{"start":{"line":1,"column":0},"end":{"line":3,"column":3}},"2":{"start":{"line":4,"column":0},"end":{"line":4,"column":48}},"3":{"start":{"line":6,"column":0},"end":{"line":6,"column":39}},"4":{"start":{"line":8,"column":0},"end":{"line":8,"column":28}},"5":{"start":{"line":10,"column":0},"end":{"line":10,"column":41}},"6":{"start":{"line":12,"column":0},"end":{"line":12,"column":44}},"7":{"start":{"line":14,"column":0},"end":{"line":14,"column":57}},"8":{"start":{"line":16,"column":0},"end":{"line":16,"column":97}},"9":{"start":{"line":16,"column":39},"end":{"line":16,"column":95}},"10":{"start":{"line":18,"column":0},"end":{"line":18,"column":45}},"11":{"start":{"line":20,"column":0},"end":{"line":33,"column":1}},"12":{"start":{"line":21,"column":2},"end":{"line":21,"column":101}},"13":{"start":{"line":23,"column":2},"end":{"line":25,"column":3}},"14":{"start":{"line":24,"column":4},"end":{"line":24,"column":61}},"15":{"start":{"line":27,"column":2},"end":{"line":27,"column":53}},"16":{"start":{"line":29,"column":2},"end":{"line":29,"column":72}},"17":{"start":{"line":30,"column":2},"end":{"line":30,"column":125}},"18":{"start":{"line":32,"column":2},"end":{"line":32,"column":19}}},"branchMap":{"1":{"line":16,"type":"cond-expr","locations":[{"start":{"line":16,"column":70},"end":{"line":16,"column":73}},{"start":{"line":16,"column":76},"end":{"line":16,"column":94}}]},"2":{"line":16,"type":"binary-expr","locations":[{"start":{"line":16,"column":46},"end":{"line":16,"column":49}},{"start":{"line":16,"column":53},"end":{"line":16,"column":67}}]},"3":{"line":21,"type":"cond-expr","locations":[{"start":{"line":21,"column":66},"end":{"line":21,"column":78}},{"start":{"line":21,"column":81},"end":{"line":21,"column":100}}]},"4":{"line":21,"type":"binary-expr","locations":[{"start":{"line":21,"column":13},"end":{"line":21,"column":33}},{"start":{"line":21,"column":37},"end":{"line":21,"column":63}}]},"5":{"line":23,"type":"if","locations":[{"start":{"line":23,"column":2},"end":{"line":23,"column":2}},{"start":{"line":23,"column":2},"end":{"line":23,"column":2}}]}},"code":["Object.defineProperty(exports, \"__esModule\", {","  value: true","});","exports['default'] = uniqueArrayOfTypeValidator;","","var _propTypes = require('prop-types');","","var _and = require('./and');","","var _and2 = _interopRequireDefault(_and);","","var _uniqueArray = require('./uniqueArray');","","var _uniqueArray2 = _interopRequireDefault(_uniqueArray);","","function _interopRequireDefault(obj) { return obj && obj.__esModule ? obj : { 'default': obj }; }","","var unique = (0, _uniqueArray2['default'])();","","function uniqueArrayOfTypeValidator(type) {","  var name = arguments.length > 1 && arguments[1] !== undefined ? arguments[1] : 'uniqueArrayOfType';","","  if (typeof type !== 'function') {","    throw new TypeError('type must be a validator function');","  }","","  var arrayValidator = (0, _propTypes.arrayOf)(type);","","  var validator = (0, _and2['default'])([arrayValidator, unique], name);","  validator.isRequired = (0, _and2['default'])([arrayValidator.isRequired, unique.isRequired], String(name) + '.isRequired');","","  return validator;","}","//# sourceMappingURL=uniqueArrayOf.js.map"],"l":{"1":1,"4":1,"6":1,"8":1,"10":1,"12":1,"14":1,"16":2,"18":1,"20":1,"21":0,"23":0,"24":0,"27":0,"29":0,"30":0,"32":0}}}